2025-03-29 13:31:50,127 [INFO] Activator:176 - 


2025-03-29 13:31:50,140 [INFO] Activator:177 - !SESSION log4j initialized
2025-03-29 13:31:57,776 [INFO] LogOutputStream:77 - [STDOUT_REDIRECT] 
2025-03-29 13:31:59,652 [INFO] ApplicationProperties:184 - Using Application install path: C:\ST\STM32CubeIDE_1.17.0\STM32CubeIDE\plugins\com.st.stm32cube.common.mx_6.13.0.202411220809
2025-03-29 13:31:59,680 [INFO] DbMcusXml:78 - Set database path to: C:\ST\STM32CubeIDE_1.17.0\STM32CubeIDE\plugins\com.st.stm32cube.common.mx_6.13.0.202411220809\\db\/mcu/
2025-03-29 13:31:59,680 [INFO] ApiDb:274 - Set plugin database path to: C:\ST\STM32CubeIDE_1.17.0\STM32CubeIDE\plugins\com.st.stm32cube.common.mx_6.13.0.202411220809\\db\/plugins/boardmanager/
2025-03-29 13:31:59,681 [WARN] ApiDb:259 - Overriding images path with different value:  => C:\ST\STM32CubeIDE_1.17.0\STM32CubeIDE\plugins\com.st.stm32cube.common.mx_6.13.0.202411220809\\db\/plugins/mcufinder/images/
2025-03-29 13:31:59,711 [INFO] ApiDb:250 - Set database path to: C:\Users\Bgohel\.stmcufinder\plugins\mcufinder//mcu/
2025-03-29 13:31:59,713 [INFO] DbMcusAds:125 - Set database path to: C:\Users\Bgohel\.stmcufinder\plugins\mcufinder//mcu/
2025-03-29 13:31:59,719 [INFO] CrossReferenceDbSqlite:203 - Set database path to: C:\Users\Bgohel\.stmcufinder\plugins\mcufinder//mcu/cs/
2025-03-29 13:31:59,921 [INFO] RulesReader:64 - Compatibility file has been processed (297 Rules)
2025-03-29 13:32:00,099 [INFO] DbMcusXml:78 - Set database path to: C:\ST\STM32CubeIDE_1.17.0\STM32CubeIDE\plugins\com.st.stm32cube.common.mx_6.13.0.202411220809\\db\/mcu/
2025-03-29 13:32:00,100 [INFO] ApiDb:274 - Set plugin database path to: C:\ST\STM32CubeIDE_1.17.0\STM32CubeIDE\plugins\com.st.stm32cube.common.mx_6.13.0.202411220809\\db\/plugins/boardmanager/
2025-03-29 13:32:00,100 [INFO] ApiDb:261 - Set plugin images path to: C:\ST\STM32CubeIDE_1.17.0\STM32CubeIDE\plugins\com.st.stm32cube.common.mx_6.13.0.202411220809\\db\/plugins/mcufinder/images/
2025-03-29 13:32:00,100 [WARN] DbFile:41 - Overriding database path with different value: C:\Users\Bgohel\.stmcufinder\plugins\mcufinder/ => C:\Users\Bgohel\.stmcufinder\plugins\mcufinder
2025-03-29 13:32:00,101 [INFO] ApiDb:250 - Set database path to: C:\Users\Bgohel\.stmcufinder\plugins\mcufinder//mcu/
2025-03-29 13:32:00,101 [WARN] DbFile:41 - Overriding database path with different value: C:\Users\Bgohel\.stmcufinder\plugins\mcufinder/ => C:\Users\Bgohel\.stmcufinder\plugins\mcufinder
2025-03-29 13:32:00,101 [INFO] DbMcusAds:125 - Set database path to: C:\Users\Bgohel\.stmcufinder\plugins\mcufinder//mcu/
2025-03-29 13:32:00,101 [WARN] DbFile:41 - Overriding database path with different value: C:\Users\Bgohel\.stmcufinder\plugins\mcufinder/ => C:\Users\Bgohel\.stmcufinder\plugins\mcufinder
2025-03-29 13:32:00,101 [WARN] DbFile:41 - Overriding database path with different value: C:\Users\Bgohel\.stmcufinder\plugins\mcufinder/ => C:\Users\Bgohel\.stmcufinder\plugins\mcufinder
2025-03-29 13:32:00,101 [INFO] CrossReferenceDbSqlite:203 - Set database path to: C:\Users\Bgohel\.stmcufinder\plugins\mcufinder//mcu/cs/
2025-03-29 13:32:00,241 [INFO] MainPanel:272 - HeapMemory: 268435456
2025-03-29 13:32:00,454 [INFO] DbMcusXml:78 - Set database path to: C:\ST\STM32CubeIDE_1.17.0\STM32CubeIDE\plugins\com.st.stm32cube.common.mx_6.13.0.202411220809\\db\/mcu/
2025-03-29 13:32:00,454 [INFO] ApiDb:274 - Set plugin database path to: C:\ST\STM32CubeIDE_1.17.0\STM32CubeIDE\plugins\com.st.stm32cube.common.mx_6.13.0.202411220809\\db\/plugins/boardmanager/
2025-03-29 13:32:00,454 [INFO] ApiDb:261 - Set plugin images path to: C:\ST\STM32CubeIDE_1.17.0\STM32CubeIDE\plugins\com.st.stm32cube.common.mx_6.13.0.202411220809\\db\/plugins/mcufinder/images/
2025-03-29 13:32:00,454 [WARN] DbFile:41 - Overriding database path with different value: C:\Users\Bgohel\.stmcufinder\plugins\mcufinder/ => C:\Users\Bgohel\.stmcufinder\plugins\mcufinder
2025-03-29 13:32:00,454 [INFO] ApiDb:250 - Set database path to: C:\Users\Bgohel\.stmcufinder\plugins\mcufinder//mcu/
2025-03-29 13:32:00,454 [WARN] DbFile:41 - Overriding database path with different value: C:\Users\Bgohel\.stmcufinder\plugins\mcufinder/ => C:\Users\Bgohel\.stmcufinder\plugins\mcufinder
2025-03-29 13:32:00,454 [INFO] DbMcusAds:125 - Set database path to: C:\Users\Bgohel\.stmcufinder\plugins\mcufinder//mcu/
2025-03-29 13:32:00,456 [WARN] DbFile:41 - Overriding database path with different value: C:\Users\Bgohel\.stmcufinder\plugins\mcufinder/ => C:\Users\Bgohel\.stmcufinder\plugins\mcufinder
2025-03-29 13:32:00,456 [WARN] DbFile:41 - Overriding database path with different value: C:\Users\Bgohel\.stmcufinder\plugins\mcufinder/ => C:\Users\Bgohel\.stmcufinder\plugins\mcufinder
2025-03-29 13:32:00,456 [INFO] CrossReferenceDbSqlite:203 - Set database path to: C:\Users\Bgohel\.stmcufinder\plugins\mcufinder//mcu/cs/
2025-03-29 13:32:00,512 [INFO] ApplicationProperties:184 - Using Application install path: C:\ST\STM32CubeIDE_1.17.0\STM32CubeIDE\plugins\com.st.stm32cube.common.mx_6.13.0.202411220809
2025-03-29 13:32:00,514 [INFO] PluginManage:196 - Search for loadable plugins [exclusion list=, ]
2025-03-29 13:32:00,518 [INFO] PluginManage:310 - Check plugin analytics
2025-03-29 13:32:00,848 [INFO] AnalyticsPlugin:253 - Accepted Software Licenses: 
2025-03-29 13:32:00,849 [INFO] AnalyticsPlugin:255 - Accepted CMSIS Pack Licenses: 
2025-03-29 13:32:00,849 [INFO] AnalyticsPlugin:257 - Accepted Firmware Licenses: 
2025-03-29 13:32:00,854 [INFO] PluginManage:359 - Loaded plugin analytics (category:tool,tabindex:-1)
2025-03-29 13:32:00,854 [INFO] PluginManage:310 - Check plugin cadmodel
2025-03-29 13:32:00,867 [INFO] CADModel:105 - Init CAD model plugin
2025-03-29 13:32:00,867 [INFO] PluginManage:359 - Loaded plugin cadmodel (category:power,tabindex:5)
2025-03-29 13:32:00,868 [INFO] PluginManage:310 - Check plugin clock
2025-03-29 13:32:00,886 [INFO] PluginManage:359 - Loaded plugin clock (category:base,tabindex:2)
2025-03-29 13:32:00,887 [INFO] PluginManage:310 - Check plugin ddr
2025-03-29 13:32:00,891 [INFO] PluginManage:359 - Loaded plugin ddr (category:tool,tabindex:6)
2025-03-29 13:32:00,891 [INFO] PluginManage:310 - Check plugin filemanager
2025-03-29 13:32:01,180 [INFO] PluginManage:359 - Loaded plugin filemanager (category:base,tabindex:10)
2025-03-29 13:32:01,181 [INFO] PluginManage:310 - Check plugin ipmanager
2025-03-29 13:32:01,195 [INFO] PluginManage:359 - Loaded plugin ipmanager (category:base,tabindex:5)
2025-03-29 13:32:01,196 [INFO] PluginManage:310 - Check plugin lpbam
2025-03-29 13:32:01,212 [INFO] PluginManage:359 - Loaded plugin lpbam (category:base,tabindex:0)
2025-03-29 13:32:01,213 [INFO] PluginManage:310 - Check plugin memorymap
2025-03-29 13:32:01,243 [INFO] PluginManage:359 - Loaded plugin memorymap (category:base,tabindex:4)
2025-03-29 13:32:01,244 [INFO] PluginManage:310 - Check plugin pinoutandconfiguration
2025-03-29 13:32:01,259 [INFO] PluginManage:359 - Loaded plugin pinoutandconfiguration (category:base,tabindex:1)
2025-03-29 13:32:01,259 [INFO] PluginManage:310 - Check plugin pinoutconfig
2025-03-29 13:32:01,435 [WARN] SupportedApi:132 - Cannot load RTOS API schema: s4s-elt-must-match.1: The content of 'definitions' must match (annotation?, (simpleType | complexType)?, (unique | key | keyref)*)). A problem was found starting at: attribute.
2025-03-29 13:32:01,710 [INFO] PluginManage:359 - Loaded plugin pinoutconfig (category:base,tabindex:0)
2025-03-29 13:32:01,710 [INFO] PluginManage:310 - Check plugin power
2025-03-29 13:32:01,769 [INFO] PluginManage:359 - Loaded plugin power (category:power,tabindex:4)
2025-03-29 13:32:01,770 [INFO] PluginManage:310 - Check plugin projectmanager
2025-03-29 13:32:01,808 [INFO] PluginManage:359 - Loaded plugin projectmanager (category:projectmanager,tabindex:4)
2025-03-29 13:32:01,809 [INFO] PluginManage:310 - Check plugin rif
2025-03-29 13:32:01,847 [INFO] PluginManage:359 - Loaded plugin rif (category:base,tabindex:3)
2025-03-29 13:32:01,847 [INFO] PluginManage:310 - Check plugin thirdparty
2025-03-29 13:32:02,281 [WARN] IntegrityCheckThread:84 - waiting for thirdparty lock release [integrity check]
2025-03-29 13:32:02,282 [INFO] PluginManage:359 - Loaded plugin thirdparty (category:base,tabindex:-1)
2025-03-29 13:32:02,282 [INFO] IntegrityCheckThread:86 - entering critical section [integrity check]
2025-03-29 13:32:02,282 [INFO] PluginManage:310 - Check plugin tools
2025-03-29 13:32:02,282 [INFO] ThirdPartyUpdaterWithRetryManager:70 - Updater plugin not ready yet. [1/15]
2025-03-29 13:32:02,286 [INFO] PluginManage:359 - Loaded plugin tools (category:base,tabindex:7)
2025-03-29 13:32:02,287 [INFO] PluginManage:310 - Check plugin tutovideos
2025-03-29 13:32:02,547 [INFO] PluginManage:359 - Loaded plugin tutovideos (category:base,tabindex:-1)
2025-03-29 13:32:02,549 [INFO] PluginManage:310 - Check plugin updater
2025-03-29 13:32:02,580 [INFO] PluginManage:359 - Loaded plugin updater (category:base,tabindex:12)
2025-03-29 13:32:02,580 [INFO] PluginManage:310 - Check plugin userauth
2025-03-29 13:32:02,588 [INFO] UserAuth:118 - Init User Auth plugin
2025-03-29 13:32:02,590 [INFO] PluginManage:359 - Loaded plugin userauth (category:base,tabindex:14)
2025-03-29 13:32:02,591 [INFO] PluginManage:283 - PluginManage : Loaded plugins [18]
2025-03-29 13:32:03,022 [INFO] PinOutPanel:1589 - setPackage(No Configuration,No Configuration)
2025-03-29 13:32:03,164 [INFO] CADModel:165 - CPN selected for project level
2025-03-29 13:32:03,164 [INFO] CADModel:114 - Register for checkConnection events
2025-03-29 13:32:03,194 [INFO] IPUIPlugin:80 - create IPUIPlugin
2025-03-29 13:32:03,194 [INFO] PluginManager:220 - loadIPPluginJar : add adc
2025-03-29 13:32:03,200 [INFO] IPUIPlugin:80 - create IPUIPlugin
2025-03-29 13:32:03,201 [INFO] PluginManager:220 - loadIPPluginJar : add aes
2025-03-29 13:32:03,207 [INFO] IPUIPlugin:80 - create IPUIPlugin
2025-03-29 13:32:03,207 [INFO] PluginManager:220 - loadIPPluginJar : add can
2025-03-29 13:32:03,211 [INFO] IPUIPlugin:80 - create IPUIPlugin
2025-03-29 13:32:03,211 [INFO] PluginManager:220 - loadIPPluginJar : add comp
2025-03-29 13:32:03,215 [INFO] IPUIPlugin:80 - create IPUIPlugin
2025-03-29 13:32:03,215 [INFO] PluginManager:220 - loadIPPluginJar : add cryp
2025-03-29 13:32:03,240 [INFO] IPUIPlugin:80 - create IPUIPlugin
2025-03-29 13:32:03,240 [INFO] PluginManager:220 - loadIPPluginJar : add ddr_ctrl_phy
2025-03-29 13:32:03,244 [INFO] IPUIPlugin:80 - create IPUIPlugin
2025-03-29 13:32:03,245 [INFO] PluginManager:220 - loadIPPluginJar : add dfsdm
2025-03-29 13:32:03,255 [INFO] IPUIPlugin:80 - create IPUIPlugin
2025-03-29 13:32:03,256 [INFO] PluginManager:220 - loadIPPluginJar : add dma
2025-03-29 13:32:03,261 [INFO] IPUIPlugin:80 - create IPUIPlugin
2025-03-29 13:32:03,262 [INFO] PluginManager:220 - loadIPPluginJar : add dma3
2025-03-29 13:32:03,268 [INFO] IPUIPlugin:80 - create IPUIPlugin
2025-03-29 13:32:03,268 [INFO] PluginManager:220 - loadIPPluginJar : add extmemmanager
2025-03-29 13:32:03,272 [INFO] IPUIPlugin:80 - create IPUIPlugin
2025-03-29 13:32:03,273 [INFO] PluginManager:220 - loadIPPluginJar : add fatfs
2025-03-29 13:32:03,280 [INFO] IPUIPlugin:80 - create IPUIPlugin
2025-03-29 13:32:03,280 [INFO] PluginManager:220 - loadIPPluginJar : add fmc
2025-03-29 13:32:03,290 [INFO] IPUIPlugin:80 - create IPUIPlugin
2025-03-29 13:32:03,291 [INFO] PluginManager:220 - loadIPPluginJar : add freertos
2025-03-29 13:32:03,296 [INFO] IPUIPlugin:80 - create IPUIPlugin
2025-03-29 13:32:03,296 [INFO] PluginManager:220 - loadIPPluginJar : add genericplugin
2025-03-29 13:32:03,301 [INFO] IPUIPlugin:80 - create IPUIPlugin
2025-03-29 13:32:03,302 [INFO] PluginManager:220 - loadIPPluginJar : add gfxmmu
2025-03-29 13:32:03,312 [INFO] IPUIPlugin:80 - create IPUIPlugin
2025-03-29 13:32:03,313 [INFO] PluginManager:220 - loadIPPluginJar : add gic
2025-03-29 13:32:03,323 [INFO] IPUIPlugin:80 - create IPUIPlugin
2025-03-29 13:32:03,323 [INFO] PluginManager:220 - loadIPPluginJar : add gpio
2025-03-29 13:32:03,332 [INFO] IPUIPlugin:80 - create IPUIPlugin
2025-03-29 13:32:03,332 [INFO] PluginManager:220 - loadIPPluginJar : add gtzc
2025-03-29 13:32:03,338 [INFO] IPUIPlugin:80 - create IPUIPlugin
2025-03-29 13:32:03,339 [INFO] PluginManager:220 - loadIPPluginJar : add hash
2025-03-29 13:32:03,346 [INFO] IPUIPlugin:80 - create IPUIPlugin
2025-03-29 13:32:03,346 [INFO] PluginManager:220 - loadIPPluginJar : add i2c
2025-03-29 13:32:03,353 [INFO] IPUIPlugin:80 - create IPUIPlugin
2025-03-29 13:32:03,353 [INFO] PluginManager:220 - loadIPPluginJar : add i2s
2025-03-29 13:32:03,360 [INFO] IPUIPlugin:80 - create IPUIPlugin
2025-03-29 13:32:03,360 [INFO] PluginManager:220 - loadIPPluginJar : add i3c
2025-03-29 13:32:03,649 [INFO] IPUIPlugin:80 - create IPUIPlugin
2025-03-29 13:32:03,649 [INFO] PluginManager:220 - loadIPPluginJar : add ipddr
2025-03-29 13:32:03,662 [INFO] IPUIPlugin:80 - create IPUIPlugin
2025-03-29 13:32:03,662 [INFO] PluginManager:220 - loadIPPluginJar : add linkedlist
2025-03-29 13:32:03,668 [INFO] IPUIPlugin:80 - create IPUIPlugin
2025-03-29 13:32:03,669 [INFO] PluginManager:220 - loadIPPluginJar : add lorawan
2025-03-29 13:32:03,672 [INFO] IPUIPlugin:80 - create IPUIPlugin
2025-03-29 13:32:03,673 [INFO] PluginManager:220 - loadIPPluginJar : add ltdc
2025-03-29 13:32:03,686 [INFO] IPUIPlugin:80 - create IPUIPlugin
2025-03-29 13:32:03,686 [INFO] PluginManager:220 - loadIPPluginJar : add mdma
2025-03-29 13:32:03,695 [INFO] IPUIPlugin:80 - create IPUIPlugin
2025-03-29 13:32:03,695 [INFO] PluginManager:220 - loadIPPluginJar : add nvic
2025-03-29 13:32:03,702 [INFO] IPUIPlugin:80 - create IPUIPlugin
2025-03-29 13:32:03,702 [INFO] PluginManager:220 - loadIPPluginJar : add opamp
2025-03-29 13:32:03,710 [INFO] IPUIPlugin:80 - create IPUIPlugin
2025-03-29 13:32:03,711 [INFO] PluginManager:220 - loadIPPluginJar : add openamp
2025-03-29 13:32:03,719 [INFO] IPUIPlugin:80 - create IPUIPlugin
2025-03-29 13:32:03,719 [INFO] PluginManager:220 - loadIPPluginJar : add pdm2pcm
2025-03-29 13:32:03,732 [INFO] IPUIPlugin:80 - create IPUIPlugin
2025-03-29 13:32:03,739 [INFO] PluginManager:220 - loadIPPluginJar : add plateformsettings
2025-03-29 13:32:03,743 [INFO] IPUIPlugin:80 - create IPUIPlugin
2025-03-29 13:32:03,744 [INFO] PluginManager:220 - loadIPPluginJar : add quadspi
2025-03-29 13:32:03,749 [INFO] IPUIPlugin:80 - create IPUIPlugin
2025-03-29 13:32:03,751 [INFO] PluginManager:220 - loadIPPluginJar : add radio
2025-03-29 13:32:03,761 [INFO] IPUIPlugin:80 - create IPUIPlugin
2025-03-29 13:32:03,761 [INFO] PluginManager:220 - loadIPPluginJar : add resmgrutility
2025-03-29 13:32:03,768 [INFO] IPUIPlugin:80 - create IPUIPlugin
2025-03-29 13:32:03,769 [INFO] PluginManager:220 - loadIPPluginJar : add sai
2025-03-29 13:32:03,776 [INFO] IPUIPlugin:80 - create IPUIPlugin
2025-03-29 13:32:03,776 [INFO] PluginManager:220 - loadIPPluginJar : add spi
2025-03-29 13:32:03,789 [INFO] IPUIPlugin:80 - create IPUIPlugin
2025-03-29 13:32:03,790 [INFO] PluginManager:220 - loadIPPluginJar : add stm32_wpan
2025-03-29 13:32:03,795 [INFO] IPUIPlugin:80 - create IPUIPlugin
2025-03-29 13:32:03,796 [INFO] PluginManager:220 - loadIPPluginJar : add tim
2025-03-29 13:32:03,804 [INFO] IPUIPlugin:80 - create IPUIPlugin
2025-03-29 13:32:03,805 [INFO] PluginManager:220 - loadIPPluginJar : add touchsensing
2025-03-29 13:32:03,810 [INFO] IPUIPlugin:80 - create IPUIPlugin
2025-03-29 13:32:03,811 [INFO] PluginManager:220 - loadIPPluginJar : add tracer_emb
2025-03-29 13:32:03,817 [INFO] IPUIPlugin:80 - create IPUIPlugin
2025-03-29 13:32:03,817 [INFO] PluginManager:220 - loadIPPluginJar : add ts
2025-03-29 13:32:03,821 [INFO] IPUIPlugin:80 - create IPUIPlugin
2025-03-29 13:32:03,822 [INFO] PluginManager:220 - loadIPPluginJar : add tsc
2025-03-29 13:32:03,827 [INFO] IPUIPlugin:80 - create IPUIPlugin
2025-03-29 13:32:03,827 [INFO] PluginManager:220 - loadIPPluginJar : add ucpd
2025-03-29 13:32:03,835 [INFO] IPUIPlugin:80 - create IPUIPlugin
2025-03-29 13:32:03,836 [INFO] PluginManager:220 - loadIPPluginJar : add usart
2025-03-29 13:32:03,843 [INFO] IPUIPlugin:80 - create IPUIPlugin
2025-03-29 13:32:03,843 [INFO] PluginManager:220 - loadIPPluginJar : add usbx
2025-03-29 13:32:04,025 [FATAL] Updater:351 - Updater called before beeing initialized
2025-03-29 13:32:04,066 [INFO] RulesReader:64 - Compatibility file has been processed (297 Rules)
2025-03-29 13:32:04,083 [INFO] RulesReader:64 - Compatibility file has been processed (297 Rules)
2025-03-29 13:32:04,097 [INFO] CADModel:165 - CPN selected for project level
2025-03-29 13:32:04,097 [INFO] CADModel:114 - Register for checkConnection events
2025-03-29 13:32:04,097 [FATAL] Updater:351 - Updater called before beeing initialized
2025-03-29 13:32:04,098 [ERROR] CADModel:125 - Updater not yet initialized, retry later 
2025-03-29 13:32:04,336 [FATAL] Updater:351 - Updater called before beeing initialized
2025-03-29 13:32:04,340 [INFO] CADModel:165 - CPN selected for project level
2025-03-29 13:32:04,340 [INFO] CADModel:114 - Register for checkConnection events
2025-03-29 13:32:04,340 [FATAL] Updater:351 - Updater called before beeing initialized
2025-03-29 13:32:04,340 [ERROR] CADModel:125 - Updater not yet initialized, retry later 
2025-03-29 13:32:04,344 [FATAL] Updater:351 - Updater called before beeing initialized
2025-03-29 13:32:04,484 [FATAL] Updater:351 - Updater called before beeing initialized
2025-03-29 13:32:04,507 [INFO] DbMcusAds:53 - JSON generation date=Thu Mar 06 20:24:21 IST 2025 (1741272861825)
2025-03-29 13:32:04,507 [FATAL] Updater:351 - Updater called before beeing initialized
2025-03-29 13:32:04,554 [WARN] DetailPanel:346 - Failed to get advertising image, set to default
2025-03-29 13:32:04,858 [FATAL] Updater:351 - Updater called before beeing initialized
2025-03-29 13:32:04,862 [FATAL] Updater:351 - Updater called before beeing initialized
2025-03-29 13:32:04,862 [FATAL] Updater:351 - Updater called before beeing initialized
2025-03-29 13:32:04,863 [WARN] DetailPanel:346 - Failed to get advertising image, set to default
2025-03-29 13:32:04,864 [FATAL] Updater:351 - Updater called before beeing initialized
2025-03-29 13:32:04,988 [ERROR] Updater:1198 - MainUpdater not yet initialized. External WinMGr cannot be set.
2025-03-29 13:32:05,009 [INFO] Updater:1134 - Updater Version found : 6.13.0
2025-03-29 13:32:05,041 [INFO] ApplicationProperties:184 - Using Application install path: C:\ST\STM32CubeIDE_1.17.0\STM32CubeIDE\plugins\com.st.stm32cube.common.mx_6.13.0.202411220809
2025-03-29 13:32:05,290 [INFO] ThirdPartyUpdaterWithRetryManager:70 - Updater plugin not ready yet. [2/15]
2025-03-29 13:32:06,648 [ERROR] LogOutputStream:75 - [STDERR_REDIRECT] Mar 29, 2025 1:32:06 PM java.util.prefs.WindowsPreferences <init>
2025-03-29 13:32:06,649 [ERROR] LogOutputStream:75 - [STDERR_REDIRECT] WARNING: Could not open/create prefs root node Software\JavaSoft\Prefs at root 0xffffffff80000002. Windows RegCreateKeyEx(...) returned error code 5.
2025-03-29 13:32:06,649 [ERROR] LogOutputStream:75 - [STDERR_REDIRECT] 
2025-03-29 13:32:07,049 [INFO] MainUpdater:2872 - connection check result : 10
2025-03-29 13:32:07,050 [INFO] MainUpdater:3566 - Updater definition file requires update
2025-03-29 13:32:07,051 [INFO] MainUpdater:289 - Updater Check For Update Now.
2025-03-29 13:32:07,051 [INFO] MicroXplorer:498 - Change Database Version : DB.6.0.130
2025-03-29 13:32:07,073 [INFO] McuFinderGlobals:63 - Set McuFinder mode to 2 (CubeIDE integrated)
2025-03-29 13:32:07,074 [INFO] UserAuth:171 - activating auth plugin
2025-03-29 13:32:07,077 [INFO] UserAuth:486 - Internet connection configuration mode: 1
2025-03-29 13:32:07,115 [INFO] ServerAccessManage:473 - Download File updaters.zip
2025-03-29 13:32:07,121 [INFO] JxBrowserEngine:152 - Initiate JxBrowser Engine with user profile folder
2025-03-29 13:32:07,230 [INFO] FileExtend:240 - Unzip File : updaters.zip
2025-03-29 13:32:07,231 [INFO] FileExtend:255 - Standard Zip Deflate
2025-03-29 13:32:08,241 [INFO] ServerAccessManage:473 - Download File PacksControlFlags.xml
2025-03-29 13:32:08,292 [WARN] MainUpdater:1193 - Updater busy. Cannot search thirdparties
2025-03-29 13:32:08,292 [INFO] ThirdPartyUpdaterWithRetryManager:96 - Updater plugin is busy. [1/15]
2025-03-29 13:32:08,434 [INFO] ServerAccessManage:473 - Download File cubemx.pidx
2025-03-29 13:32:09,485 [INFO] ServerAccessManage:473 - Download File STMicroelectronics.X-CUBE-DPOWER.pdsc
2025-03-29 13:32:09,836 [INFO] WebApp:168 - Instantiating new browser for Auth
2025-03-29 13:32:10,129 [ERROR] ServerAccessManage:1089 - Problem, file not found on Server
2025-03-29 13:32:10,609 [ERROR] ServerAccessManage:1089 - Problem, file not found on Server
2025-03-29 13:32:10,969 [INFO] WebApp:449 - Apply proxy settings
2025-03-29 13:32:10,969 [INFO] WebApp:534 - Chromium requires no authentication
2025-03-29 13:32:10,984 [INFO] WebApp:477 - Direct internet connection detected
2025-03-29 13:32:11,019 [INFO] WebApp:880 - Register for checkConnection events
2025-03-29 13:32:11,020 [INFO] WebApp:449 - Apply proxy settings
2025-03-29 13:32:11,020 [INFO] WebApp:534 - Chromium requires no authentication
2025-03-29 13:32:11,022 [INFO] WebApp:477 - Direct internet connection detected
2025-03-29 13:32:11,090 [ERROR] ServerAccessManage:1089 - Problem, file not found on Server
2025-03-29 13:32:11,262 [INFO] WebApp:221 - Starting web application
2025-03-29 13:32:11,263 [INFO] WebApp:579 - Web application path used C:\ST\STM32CubeIDE_1.17.0\STM32CubeIDE\plugins\com.st.stm32cube.common.mx_6.13.0.202411220809\db\plugins\mcufinder\reactClient1\index.html
2025-03-29 13:32:11,294 [WARN] MainUpdater:1193 - Updater busy. Cannot search thirdparties
2025-03-29 13:32:11,294 [INFO] ThirdPartyUpdaterWithRetryManager:96 - Updater plugin is busy. [2/15]
2025-03-29 13:32:11,558 [ERROR] ServerAccessManage:1089 - Problem, file not found on Server
2025-03-29 13:32:11,562 [INFO] WebApp:187 - Connection restablished
2025-03-29 13:32:12,061 [ERROR] ServerAccessManage:1089 - Problem, file not found on Server
2025-03-29 13:32:12,560 [ERROR] ServerAccessManage:1089 - Problem, file not found on Server
2025-03-29 13:32:13,054 [ERROR] ServerAccessManage:1089 - Problem, file not found on Server
2025-03-29 13:32:13,566 [ERROR] ServerAccessManage:1089 - Problem, file not found on Server
2025-03-29 13:32:14,111 [ERROR] ServerAccessManage:1089 - Problem, file not found on Server
2025-03-29 13:32:14,296 [WARN] MainUpdater:1193 - Updater busy. Cannot search thirdparties
2025-03-29 13:32:14,296 [INFO] ThirdPartyUpdaterWithRetryManager:96 - Updater plugin is busy. [3/15]
2025-03-29 13:32:14,602 [ERROR] ServerAccessManage:1089 - Problem, file not found on Server
2025-03-29 13:32:14,858 [ERROR] ServerAccessManage:1089 - Problem, file not found on Server
2025-03-29 13:32:17,037 [WARN] PackLoader:240 - Cannot read IP mode file for STMicroelectronics.X-CUBE-DPower.1.3.0
2025-03-29 13:32:17,040 [INFO] PopulateThirdPartyThread:66 - Ending populate Thread
2025-03-29 13:32:17,042 [INFO] ThirdParty:1030 - CMSIS Pack Vendor :STMicroelectronics X-CUBE-DPower 1.3.0
2025-03-29 13:32:17,043 [INFO] LoadServerUpdatesThread:375 - End of LoadServerUpdate Thread
2025-03-29 13:32:17,197 [INFO] CheckServerUpdateThread:120 - End of CheckServer Thread
2025-03-29 13:32:17,694 [WARN] PackLoader:240 - Cannot read IP mode file for STMicroelectronics.FP-SNS-MOTENVWB1.1.4.0
2025-03-29 13:32:17,702 [WARN] PackLoader:240 - Cannot read IP mode file for STMicroelectronics.FP-ATR-ASTRA1.2.0.2
2025-03-29 13:32:17,723 [WARN] PackLoader:240 - Cannot read IP mode file for STMicroelectronics.X-CUBE-SMBUS.2.1.0
2025-03-29 13:32:17,745 [WARN] PackLoader:240 - Cannot read IP mode file for STMicroelectronics.X-CUBE-WB05N.1.1.0
2025-03-29 13:32:17,791 [WARN] PackLoader:240 - Cannot read IP mode file for STMicroelectronics.X-CUBE-AZRTOS-F7.1.1.0
2025-03-29 13:32:17,814 [WARN] PackLoader:240 - Cannot read IP mode file for STMicroelectronics.FP-SNS-FLIGHT1.5.0.2
2025-03-29 13:32:17,865 [WARN] PackLoader:240 - Cannot read IP mode file for Infineon.AIROC-Wi-Fi-Bluetooth-STM32.1.7.0
2025-03-29 13:32:17,901 [WARN] PackLoader:240 - Cannot read IP mode file for STMicroelectronics.X-CUBE-DISPLAY.3.0.0
2025-03-29 13:32:17,934 [WARN] PackLoader:240 - Cannot read IP mode file for STMicroelectronics.X-CUBE-NFC10.1.0.0
2025-03-29 13:32:17,970 [WARN] PackLoader:240 - Cannot read IP mode file for STMicroelectronics.X-CUBE-BLEMGR.4.0.0
2025-03-29 13:32:17,995 [WARN] PackLoader:240 - Cannot read IP mode file for emotas.I-CUBE-CANOPEN.1.3.0
2025-03-29 13:32:18,002 [WARN] ConditionMgr:438 - getConditionDescription Invalid condition id : Cortex-A Device cause : null
2025-03-29 13:32:18,033 [WARN] ConditionMgr:1044 - genDependencies : Invalid condition id : Cortex-A Device cause : null
2025-03-29 13:32:18,033 [WARN] ConditionMgr:1044 - genDependencies : Invalid condition id : Cortex-A Device cause : null
2025-03-29 13:32:18,035 [WARN] ConditionMgr:1044 - genDependencies : Invalid condition id : Cortex-A Device cause : null
2025-03-29 13:32:18,056 [WARN] PackLoader:240 - Cannot read IP mode file for STMicroelectronics.X-CUBE-AI.10.0.0
2025-03-29 13:32:18,075 [WARN] PackLoader:240 - Cannot read IP mode file for STMicroelectronics.FP-SNS-SMARTAG2.1.2.0
2025-03-29 13:32:18,080 [WARN] PackLoader:240 - Cannot read IP mode file for STMicroelectronics.FP-SNS-FLIGHT1.5.1.0
2025-03-29 13:32:18,157 [WARN] PackLoader:240 - Cannot read IP mode file for STMicroelectronics.X-CUBE-MEMS1.11.1.0
2025-03-29 13:32:18,403 [INFO] LogOutputStream:77 - [STDOUT_REDIRECT] 1 : Invalid condition id : UX_CORESTACK_Condition cause : null
2025-03-29 13:32:18,404 [INFO] LogOutputStream:77 - [STDOUT_REDIRECT] 1 : Invalid condition id : UX_CORESTACK_Condition cause : null
2025-03-29 13:32:18,404 [INFO] LogOutputStream:77 - [STDOUT_REDIRECT] 1 : Invalid condition id : UX_CORESTACK_Condition cause : null
2025-03-29 13:32:18,406 [INFO] LogOutputStream:77 - [STDOUT_REDIRECT] 1 : Invalid condition id : UX_CORESTACK_Condition cause : null
2025-03-29 13:32:18,408 [INFO] LogOutputStream:77 - [STDOUT_REDIRECT] 1 : Invalid condition id : UX_CORESTACK_Condition cause : null
2025-03-29 13:32:18,411 [WARN] PackLoader:240 - Cannot read IP mode file for STMicroelectronics.X-CUBE-AZRTOS-WL.2.0.0
2025-03-29 13:32:18,435 [WARN] PackLoader:240 - Cannot read IP mode file for STMicroelectronics.FP-SNS-MOTENV1.5.0.0
2025-03-29 13:32:18,464 [WARN] PackLoader:240 - Cannot read IP mode file for WES.I-CUBE-Cesium.1.3.0
2025-03-29 13:32:18,490 [WARN] PackLoader:240 - Cannot read IP mode file for STMicroelectronics.X-CUBE-BLE2.3.3.0
2025-03-29 13:32:18,516 [WARN] PackLoader:240 - Cannot read IP mode file for STMicroelectronics.X-CUBE-NFC9.1.0.0
2025-03-29 13:32:18,540 [WARN] PackLoader:240 - Cannot read IP mode file for STMicroelectronics.X-CUBE-BLE1.7.1.0
2025-03-29 13:32:18,547 [WARN] PackLoader:240 - Cannot read IP mode file for wolfSSL.I-CUBE-wolfMQTT.1.19.2
2025-03-29 13:32:18,582 [WARN] PackLoader:240 - Cannot read IP mode file for STMicroelectronics.X-CUBE-AZRTOS-G0.1.1.0
2025-03-29 13:32:18,610 [WARN] PackLoader:240 - Cannot read IP mode file for STMicroelectronics.X-CUBE-SAFEA1.1.2.2
2025-03-29 13:32:18,638 [WARN] PackLoader:240 - Cannot read IP mode file for STMicroelectronics.X-CUBE-NFC4.3.0.0
2025-03-29 13:32:18,664 [WARN] PackLoader:240 - Cannot read IP mode file for EmbeddedOffice.I-CUBE-FS-RTOS.1.0.1
2025-03-29 13:32:18,670 [WARN] PackLoader:240 - Cannot read IP mode file for wolfSSL.I-CUBE-wolfTPM.3.8.0
2025-03-29 13:32:18,691 [WARN] PackLoader:240 - Cannot read IP mode file for STMicroelectronics.X-CUBE-TCPP.4.2.0
2025-03-29 13:32:18,712 [WARN] PackLoader:240 - Cannot read IP mode file for RealThread.X-CUBE-RT-Thread_Nano.4.1.1
2025-03-29 13:32:18,720 [WARN] PackLoader:240 - Cannot read IP mode file for STMicroelectronics.FP-ATR-SIGFOX1.3.2.0
2025-03-29 13:32:18,744 [WARN] PackLoader:240 - Cannot read IP mode file for STMicroelectronics.X-CUBE-EEPRMA1.5.1.0
2025-03-29 13:32:18,769 [WARN] PackLoader:240 - Cannot read IP mode file for wolfSSL.I-CUBE-wolfSSL.5.7.6
2025-03-29 13:32:18,796 [WARN] PackLoader:240 - Cannot read IP mode file for ITTIA_DB.I-CUBE-ITTIADB.8.9.0
2025-03-29 13:32:18,840 [WARN] PackLoader:240 - Cannot read IP mode file for SEGGER.I-CUBE-embOS.1.3.1
2025-03-29 13:32:18,889 [WARN] PackLoader:240 - Cannot read IP mode file for STMicroelectronics.X-CUBE-ALGOBUILD.1.4.0
2025-03-29 13:32:18,934 [WARN] PackLoader:240 - Cannot read IP mode file for STMicroelectronics.X-CUBE-AZRTOS-F4.1.1.0
2025-03-29 13:32:18,958 [WARN] PackLoader:240 - Cannot read IP mode file for STMicroelectronics.X-CUBE-ISPU.2.1.0
2025-03-29 13:32:18,996 [WARN] PackLoader:240 - Cannot read IP mode file for STMicroelectronics.X-CUBE-AZRTOS-L5.2.0.0
2025-03-29 13:32:19,020 [WARN] PackLoader:240 - Cannot read IP mode file for STMicroelectronics.X-CUBE-NFC6.3.1.0
2025-03-29 13:32:19,046 [WARN] PackLoader:240 - Cannot read IP mode file for STMicroelectronics.X-CUBE-DPower.1.2.0
2025-03-29 13:32:19,069 [WARN] PackLoader:240 - Cannot read IP mode file for STMicroelectronics.X-CUBE-FREERTOS.1.3.0
2025-03-29 13:32:19,094 [WARN] PackLoader:240 - Cannot read IP mode file for STMicroelectronics.X-CUBE-NFC7.1.0.1
2025-03-29 13:32:19,098 [WARN] PackLoader:240 - Cannot read IP mode file for STMicroelectronics.X-CUBE-DPower.1.3.0
2025-03-29 13:32:19,141 [WARN] ConditionMgr:438 - getConditionDescription Invalid condition id : LAN8742 Phy interface Condition cause : null
2025-03-29 13:32:19,142 [WARN] PackLoader:240 - Cannot read IP mode file for STMicroelectronics.X-CUBE-AZRTOS-L4.2.0.0
2025-03-29 13:32:19,143 [WARN] ConditionMgr:1044 - genDependencies : Invalid condition id : LAN8742 Phy interface Condition cause : null
2025-03-29 13:32:19,144 [WARN] ConditionMgr:1044 - genDependencies : Invalid condition id : LAN8742 Phy interface Condition cause : null
2025-03-29 13:32:19,144 [WARN] ConditionMgr:1044 - genDependencies : Invalid condition id : LAN8742 Phy interface Condition cause : null
2025-03-29 13:32:19,168 [WARN] PackLoader:240 - Cannot read IP mode file for STMicroelectronics.X-CUBE-SFXS2LP1.4.0.0
2025-03-29 13:32:19,207 [WARN] PackLoader:240 - Cannot read IP mode file for STMicroelectronics.X-CUBE-AZRTOS-H7.3.3.0
2025-03-29 13:32:19,245 [WARN] ConditionMgr:438 - getConditionDescription Invalid condition id : UX DEVICE CLASS RTOS Condition cause : null
2025-03-29 13:32:19,245 [WARN] ConditionMgr:438 - getConditionDescription Invalid condition id : UX DEVICE CLASS RTOS Condition cause : null
2025-03-29 13:32:19,247 [WARN] PackLoader:240 - Cannot read IP mode file for STMicroelectronics.X-CUBE-AZRTOS-WB.2.0.0
2025-03-29 13:32:19,248 [WARN] ConditionMgr:1044 - genDependencies : Invalid condition id : UX DEVICE CLASS RTOS Condition cause : null
2025-03-29 13:32:19,248 [WARN] ConditionMgr:1044 - genDependencies : Invalid condition id : UX DEVICE CLASS RTOS Condition cause : null
2025-03-29 13:32:19,248 [WARN] ConditionMgr:1044 - genDependencies : Invalid condition id : UX DEVICE CLASS RTOS Condition cause : null
2025-03-29 13:32:19,248 [WARN] ConditionMgr:1044 - genDependencies : Invalid condition id : UX DEVICE CLASS RTOS Condition cause : null
2025-03-29 13:32:19,248 [WARN] ConditionMgr:1044 - genDependencies : Invalid condition id : UX DEVICE CLASS RTOS Condition cause : null
2025-03-29 13:32:19,270 [WARN] PackLoader:240 - Cannot read IP mode file for STMicroelectronics.X-CUBE-GNSS1.7.0.1
2025-03-29 13:32:19,293 [WARN] PackLoader:240 - Cannot read IP mode file for STMicroelectronics.X-CUBE-TOUCHGFX.4.25.0
2025-03-29 13:32:19,319 [WARN] PackLoader:240 - Cannot read IP mode file for STMicroelectronics.FP-SNS-STBOX1.2.0.0
2025-03-29 13:32:19,360 [WARN] PackLoader:240 - Cannot read IP mode file for STMicroelectronics.X-CUBE-SUBG2.5.0.0
2025-03-29 13:32:19,413 [WARN] PackLoader:240 - Cannot read IP mode file for STMicroelectronics.X-CUBE-AZRTOS-H7RS.1.1.0
2025-03-29 13:32:19,425 [WARN] PackLoader:240 - Cannot read IP mode file for Cesanta.I-CUBE-Mongoose.7.13.0
2025-03-29 13:32:19,463 [WARN] PackLoader:240 - Cannot read IP mode file for STMicroelectronics.X-CUBE-AZRTOS-G4.2.0.0
2025-03-29 13:32:19,472 [WARN] PackLoader:240 - Cannot read IP mode file for wolfSSL.I-CUBE-wolfSSH.1.4.20
2025-03-29 13:32:19,503 [WARN] PackLoader:240 - Cannot read IP mode file for STMicroelectronics.X-CUBE-IPS.3.1.0
2025-03-29 13:32:19,529 [WARN] PackLoader:240 - Cannot read IP mode file for STMicroelectronics.X-CUBE-ALS.1.0.2
2025-03-29 13:32:19,550 [WARN] PackLoader:240 - Cannot read IP mode file for STMicroelectronics.X-CUBE-TOUCHGFX.4.24.2
2025-03-29 13:32:19,575 [WARN] PackLoader:240 - Cannot read IP mode file for portGmbH.I-Cube-SoM-uGOAL.1.1.0
2025-03-29 13:32:19,616 [WARN] PackLoader:240 - Cannot read IP mode file for STMicroelectronics.X-CUBE-AZRTOS-H7RS.1.0.0
2025-03-29 13:32:19,652 [WARN] PackLoader:240 - Cannot read IP mode file for STMicroelectronics.X-CUBE-TOF1.3.4.2
2025-03-29 13:32:19,660 [INFO] ThirdParty:978 - Integrity check success = true
2025-03-29 13:32:19,660 [INFO] IntegrityCheckThread:100 - exiting critical section [integrity check]
2025-03-29 13:32:19,660 [INFO] IntegrityCheckThread:103 - End integrity checks thread
2025-03-29 13:43:54,897 [INFO] WebApp:190 - Connection lost
2025-03-29 13:43:55,296 [INFO] WebApp:187 - Connection restablished
2025-03-29 16:07:42,642 [INFO] WebApp:389 - JxBrowser engine has been closed 
