2025-03-23 14:40:34,021 [INFO] Activator:176 - 


2025-03-23 14:40:34,028 [INFO] Activator:177 - !SESSION log4j initialized
2025-03-23 14:40:44,503 [INFO] LogOutputStream:77 - [STDOUT_REDIRECT] 
2025-03-23 14:40:46,870 [INFO] ApplicationProperties:184 - Using Application install path: C:\ST\STM32CubeIDE_1.17.0\STM32CubeIDE\plugins\com.st.stm32cube.common.mx_6.13.0.202411220809
2025-03-23 14:40:46,902 [INFO] DbMcusXml:78 - Set database path to: C:\ST\STM32CubeIDE_1.17.0\STM32CubeIDE\plugins\com.st.stm32cube.common.mx_6.13.0.202411220809\\db\/mcu/
2025-03-23 14:40:46,903 [INFO] ApiDb:274 - Set plugin database path to: C:\ST\STM32CubeIDE_1.17.0\STM32CubeIDE\plugins\com.st.stm32cube.common.mx_6.13.0.202411220809\\db\/plugins/boardmanager/
2025-03-23 14:40:46,904 [WARN] ApiDb:259 - Overriding images path with different value:  => C:\ST\STM32CubeIDE_1.17.0\STM32CubeIDE\plugins\com.st.stm32cube.common.mx_6.13.0.202411220809\\db\/plugins/mcufinder/images/
2025-03-23 14:40:46,918 [INFO] ApiDb:250 - Set database path to: C:\Users\Bgohel\.stmcufinder\plugins\mcufinder//mcu/
2025-03-23 14:40:46,920 [INFO] DbMcusAds:125 - Set database path to: C:\Users\Bgohel\.stmcufinder\plugins\mcufinder//mcu/
2025-03-23 14:40:46,924 [INFO] CrossReferenceDbSqlite:203 - Set database path to: C:\Users\Bgohel\.stmcufinder\plugins\mcufinder//mcu/cs/
2025-03-23 14:40:47,130 [INFO] RulesReader:64 - Compatibility file has been processed (297 Rules)
2025-03-23 14:40:47,293 [INFO] DbMcusXml:78 - Set database path to: C:\ST\STM32CubeIDE_1.17.0\STM32CubeIDE\plugins\com.st.stm32cube.common.mx_6.13.0.202411220809\\db\/mcu/
2025-03-23 14:40:47,294 [INFO] ApiDb:274 - Set plugin database path to: C:\ST\STM32CubeIDE_1.17.0\STM32CubeIDE\plugins\com.st.stm32cube.common.mx_6.13.0.202411220809\\db\/plugins/boardmanager/
2025-03-23 14:40:47,294 [INFO] ApiDb:261 - Set plugin images path to: C:\ST\STM32CubeIDE_1.17.0\STM32CubeIDE\plugins\com.st.stm32cube.common.mx_6.13.0.202411220809\\db\/plugins/mcufinder/images/
2025-03-23 14:40:47,295 [WARN] DbFile:41 - Overriding database path with different value: C:\Users\Bgohel\.stmcufinder\plugins\mcufinder/ => C:\Users\Bgohel\.stmcufinder\plugins\mcufinder
2025-03-23 14:40:47,295 [INFO] ApiDb:250 - Set database path to: C:\Users\Bgohel\.stmcufinder\plugins\mcufinder//mcu/
2025-03-23 14:40:47,295 [WARN] DbFile:41 - Overriding database path with different value: C:\Users\Bgohel\.stmcufinder\plugins\mcufinder/ => C:\Users\Bgohel\.stmcufinder\plugins\mcufinder
2025-03-23 14:40:47,295 [INFO] DbMcusAds:125 - Set database path to: C:\Users\Bgohel\.stmcufinder\plugins\mcufinder//mcu/
2025-03-23 14:40:47,295 [WARN] DbFile:41 - Overriding database path with different value: C:\Users\Bgohel\.stmcufinder\plugins\mcufinder/ => C:\Users\Bgohel\.stmcufinder\plugins\mcufinder
2025-03-23 14:40:47,295 [WARN] DbFile:41 - Overriding database path with different value: C:\Users\Bgohel\.stmcufinder\plugins\mcufinder/ => C:\Users\Bgohel\.stmcufinder\plugins\mcufinder
2025-03-23 14:40:47,295 [INFO] CrossReferenceDbSqlite:203 - Set database path to: C:\Users\Bgohel\.stmcufinder\plugins\mcufinder//mcu/cs/
2025-03-23 14:40:47,445 [INFO] MainPanel:272 - HeapMemory: 268435456
2025-03-23 14:40:47,636 [INFO] DbMcusXml:78 - Set database path to: C:\ST\STM32CubeIDE_1.17.0\STM32CubeIDE\plugins\com.st.stm32cube.common.mx_6.13.0.202411220809\\db\/mcu/
2025-03-23 14:40:47,636 [INFO] ApiDb:274 - Set plugin database path to: C:\ST\STM32CubeIDE_1.17.0\STM32CubeIDE\plugins\com.st.stm32cube.common.mx_6.13.0.202411220809\\db\/plugins/boardmanager/
2025-03-23 14:40:47,637 [INFO] ApiDb:261 - Set plugin images path to: C:\ST\STM32CubeIDE_1.17.0\STM32CubeIDE\plugins\com.st.stm32cube.common.mx_6.13.0.202411220809\\db\/plugins/mcufinder/images/
2025-03-23 14:40:47,637 [WARN] DbFile:41 - Overriding database path with different value: C:\Users\Bgohel\.stmcufinder\plugins\mcufinder/ => C:\Users\Bgohel\.stmcufinder\plugins\mcufinder
2025-03-23 14:40:47,637 [INFO] ApiDb:250 - Set database path to: C:\Users\Bgohel\.stmcufinder\plugins\mcufinder//mcu/
2025-03-23 14:40:47,637 [WARN] DbFile:41 - Overriding database path with different value: C:\Users\Bgohel\.stmcufinder\plugins\mcufinder/ => C:\Users\Bgohel\.stmcufinder\plugins\mcufinder
2025-03-23 14:40:47,637 [INFO] DbMcusAds:125 - Set database path to: C:\Users\Bgohel\.stmcufinder\plugins\mcufinder//mcu/
2025-03-23 14:40:47,638 [WARN] DbFile:41 - Overriding database path with different value: C:\Users\Bgohel\.stmcufinder\plugins\mcufinder/ => C:\Users\Bgohel\.stmcufinder\plugins\mcufinder
2025-03-23 14:40:47,638 [WARN] DbFile:41 - Overriding database path with different value: C:\Users\Bgohel\.stmcufinder\plugins\mcufinder/ => C:\Users\Bgohel\.stmcufinder\plugins\mcufinder
2025-03-23 14:40:47,638 [INFO] CrossReferenceDbSqlite:203 - Set database path to: C:\Users\Bgohel\.stmcufinder\plugins\mcufinder//mcu/cs/
2025-03-23 14:40:47,668 [INFO] ApplicationProperties:184 - Using Application install path: C:\ST\STM32CubeIDE_1.17.0\STM32CubeIDE\plugins\com.st.stm32cube.common.mx_6.13.0.202411220809
2025-03-23 14:40:47,670 [INFO] PluginManage:196 - Search for loadable plugins [exclusion list=, ]
2025-03-23 14:40:47,672 [INFO] PluginManage:310 - Check plugin analytics
2025-03-23 14:40:47,965 [INFO] AnalyticsPlugin:253 - Accepted Software Licenses: 
2025-03-23 14:40:47,966 [INFO] AnalyticsPlugin:255 - Accepted CMSIS Pack Licenses: 
2025-03-23 14:40:47,966 [INFO] AnalyticsPlugin:257 - Accepted Firmware Licenses: 
2025-03-23 14:40:47,970 [INFO] PluginManage:359 - Loaded plugin analytics (category:tool,tabindex:-1)
2025-03-23 14:40:47,971 [INFO] PluginManage:310 - Check plugin cadmodel
2025-03-23 14:40:48,003 [INFO] CADModel:105 - Init CAD model plugin
2025-03-23 14:40:48,003 [INFO] PluginManage:359 - Loaded plugin cadmodel (category:power,tabindex:5)
2025-03-23 14:40:48,005 [INFO] PluginManage:310 - Check plugin clock
2025-03-23 14:40:48,040 [INFO] PluginManage:359 - Loaded plugin clock (category:base,tabindex:2)
2025-03-23 14:40:48,040 [INFO] PluginManage:310 - Check plugin ddr
2025-03-23 14:40:48,045 [INFO] PluginManage:359 - Loaded plugin ddr (category:tool,tabindex:6)
2025-03-23 14:40:48,046 [INFO] PluginManage:310 - Check plugin filemanager
2025-03-23 14:40:48,274 [INFO] PluginManage:359 - Loaded plugin filemanager (category:base,tabindex:10)
2025-03-23 14:40:48,274 [INFO] PluginManage:310 - Check plugin ipmanager
2025-03-23 14:40:48,290 [INFO] PluginManage:359 - Loaded plugin ipmanager (category:base,tabindex:5)
2025-03-23 14:40:48,290 [INFO] PluginManage:310 - Check plugin lpbam
2025-03-23 14:40:48,329 [INFO] PluginManage:359 - Loaded plugin lpbam (category:base,tabindex:0)
2025-03-23 14:40:48,329 [INFO] PluginManage:310 - Check plugin memorymap
2025-03-23 14:40:48,375 [INFO] PluginManage:359 - Loaded plugin memorymap (category:base,tabindex:4)
2025-03-23 14:40:48,376 [INFO] PluginManage:310 - Check plugin pinoutandconfiguration
2025-03-23 14:40:48,415 [INFO] PluginManage:359 - Loaded plugin pinoutandconfiguration (category:base,tabindex:1)
2025-03-23 14:40:48,415 [INFO] PluginManage:310 - Check plugin pinoutconfig
2025-03-23 14:40:48,593 [WARN] SupportedApi:132 - Cannot load RTOS API schema: s4s-elt-must-match.1: The content of 'definitions' must match (annotation?, (simpleType | complexType)?, (unique | key | keyref)*)). A problem was found starting at: attribute.
2025-03-23 14:40:48,841 [INFO] PluginManage:359 - Loaded plugin pinoutconfig (category:base,tabindex:0)
2025-03-23 14:40:48,841 [INFO] PluginManage:310 - Check plugin power
2025-03-23 14:40:48,886 [INFO] PluginManage:359 - Loaded plugin power (category:power,tabindex:4)
2025-03-23 14:40:48,887 [INFO] PluginManage:310 - Check plugin projectmanager
2025-03-23 14:40:48,914 [INFO] PluginManage:359 - Loaded plugin projectmanager (category:projectmanager,tabindex:4)
2025-03-23 14:40:48,914 [INFO] PluginManage:310 - Check plugin rif
2025-03-23 14:40:48,945 [INFO] PluginManage:359 - Loaded plugin rif (category:base,tabindex:3)
2025-03-23 14:40:48,945 [INFO] PluginManage:310 - Check plugin thirdparty
2025-03-23 14:40:49,390 [WARN] IntegrityCheckThread:84 - waiting for thirdparty lock release [integrity check]
2025-03-23 14:40:49,390 [INFO] PluginManage:359 - Loaded plugin thirdparty (category:base,tabindex:-1)
2025-03-23 14:40:49,390 [INFO] IntegrityCheckThread:86 - entering critical section [integrity check]
2025-03-23 14:40:49,390 [INFO] PluginManage:310 - Check plugin tools
2025-03-23 14:40:49,390 [INFO] ThirdPartyUpdaterWithRetryManager:70 - Updater plugin not ready yet. [1/15]
2025-03-23 14:40:49,454 [INFO] PluginManage:359 - Loaded plugin tools (category:base,tabindex:7)
2025-03-23 14:40:49,454 [INFO] PluginManage:310 - Check plugin tutovideos
2025-03-23 14:40:49,726 [INFO] PluginManage:359 - Loaded plugin tutovideos (category:base,tabindex:-1)
2025-03-23 14:40:49,726 [INFO] PluginManage:310 - Check plugin updater
2025-03-23 14:40:49,755 [INFO] PluginManage:359 - Loaded plugin updater (category:base,tabindex:12)
2025-03-23 14:40:49,755 [INFO] PluginManage:310 - Check plugin userauth
2025-03-23 14:40:49,762 [INFO] UserAuth:118 - Init User Auth plugin
2025-03-23 14:40:49,763 [INFO] PluginManage:359 - Loaded plugin userauth (category:base,tabindex:14)
2025-03-23 14:40:49,764 [INFO] PluginManage:283 - PluginManage : Loaded plugins [18]
2025-03-23 14:40:50,071 [INFO] PinOutPanel:1589 - setPackage(No Configuration,No Configuration)
2025-03-23 14:40:50,188 [INFO] CADModel:165 - CPN selected for project level
2025-03-23 14:40:50,188 [INFO] CADModel:114 - Register for checkConnection events
2025-03-23 14:40:50,229 [INFO] IPUIPlugin:80 - create IPUIPlugin
2025-03-23 14:40:50,229 [INFO] PluginManager:220 - loadIPPluginJar : add adc
2025-03-23 14:40:50,288 [INFO] IPUIPlugin:80 - create IPUIPlugin
2025-03-23 14:40:50,288 [INFO] PluginManager:220 - loadIPPluginJar : add aes
2025-03-23 14:40:50,360 [INFO] IPUIPlugin:80 - create IPUIPlugin
2025-03-23 14:40:50,360 [INFO] PluginManager:220 - loadIPPluginJar : add can
2025-03-23 14:40:50,393 [INFO] IPUIPlugin:80 - create IPUIPlugin
2025-03-23 14:40:50,393 [INFO] PluginManager:220 - loadIPPluginJar : add comp
2025-03-23 14:40:50,469 [INFO] IPUIPlugin:80 - create IPUIPlugin
2025-03-23 14:40:50,469 [INFO] PluginManager:220 - loadIPPluginJar : add cryp
2025-03-23 14:40:50,491 [INFO] IPUIPlugin:80 - create IPUIPlugin
2025-03-23 14:40:50,491 [INFO] PluginManager:220 - loadIPPluginJar : add ddr_ctrl_phy
2025-03-23 14:40:50,551 [INFO] IPUIPlugin:80 - create IPUIPlugin
2025-03-23 14:40:50,551 [INFO] PluginManager:220 - loadIPPluginJar : add dfsdm
2025-03-23 14:40:50,570 [INFO] IPUIPlugin:80 - create IPUIPlugin
2025-03-23 14:40:50,570 [INFO] PluginManager:220 - loadIPPluginJar : add dma
2025-03-23 14:40:50,659 [INFO] IPUIPlugin:80 - create IPUIPlugin
2025-03-23 14:40:50,659 [INFO] PluginManager:220 - loadIPPluginJar : add dma3
2025-03-23 14:40:50,740 [INFO] IPUIPlugin:80 - create IPUIPlugin
2025-03-23 14:40:50,740 [INFO] PluginManager:220 - loadIPPluginJar : add extmemmanager
2025-03-23 14:40:50,774 [INFO] IPUIPlugin:80 - create IPUIPlugin
2025-03-23 14:40:50,774 [INFO] PluginManager:220 - loadIPPluginJar : add fatfs
2025-03-23 14:40:50,850 [INFO] IPUIPlugin:80 - create IPUIPlugin
2025-03-23 14:40:50,850 [INFO] PluginManager:220 - loadIPPluginJar : add fmc
2025-03-23 14:40:50,876 [INFO] IPUIPlugin:80 - create IPUIPlugin
2025-03-23 14:40:50,876 [INFO] PluginManager:220 - loadIPPluginJar : add freertos
2025-03-23 14:40:50,910 [INFO] IPUIPlugin:80 - create IPUIPlugin
2025-03-23 14:40:50,910 [INFO] PluginManager:220 - loadIPPluginJar : add genericplugin
2025-03-23 14:40:51,068 [INFO] IPUIPlugin:80 - create IPUIPlugin
2025-03-23 14:40:51,068 [INFO] PluginManager:220 - loadIPPluginJar : add gfxmmu
2025-03-23 14:40:51,328 [INFO] IPUIPlugin:80 - create IPUIPlugin
2025-03-23 14:40:51,328 [INFO] PluginManager:220 - loadIPPluginJar : add gic
2025-03-23 14:40:51,387 [INFO] IPUIPlugin:80 - create IPUIPlugin
2025-03-23 14:40:51,387 [INFO] PluginManager:220 - loadIPPluginJar : add gpio
2025-03-23 14:40:51,557 [INFO] IPUIPlugin:80 - create IPUIPlugin
2025-03-23 14:40:51,557 [INFO] PluginManager:220 - loadIPPluginJar : add gtzc
2025-03-23 14:40:51,610 [INFO] IPUIPlugin:80 - create IPUIPlugin
2025-03-23 14:40:51,610 [INFO] PluginManager:220 - loadIPPluginJar : add hash
2025-03-23 14:40:51,696 [INFO] IPUIPlugin:80 - create IPUIPlugin
2025-03-23 14:40:51,696 [INFO] PluginManager:220 - loadIPPluginJar : add i2c
2025-03-23 14:40:51,766 [INFO] IPUIPlugin:80 - create IPUIPlugin
2025-03-23 14:40:51,766 [INFO] PluginManager:220 - loadIPPluginJar : add i2s
2025-03-23 14:40:51,841 [INFO] IPUIPlugin:80 - create IPUIPlugin
2025-03-23 14:40:51,841 [INFO] PluginManager:220 - loadIPPluginJar : add i3c
2025-03-23 14:40:51,998 [INFO] IPUIPlugin:80 - create IPUIPlugin
2025-03-23 14:40:51,998 [INFO] PluginManager:220 - loadIPPluginJar : add ipddr
2025-03-23 14:40:52,184 [INFO] IPUIPlugin:80 - create IPUIPlugin
2025-03-23 14:40:52,184 [INFO] PluginManager:220 - loadIPPluginJar : add linkedlist
2025-03-23 14:40:52,287 [INFO] IPUIPlugin:80 - create IPUIPlugin
2025-03-23 14:40:52,287 [INFO] PluginManager:220 - loadIPPluginJar : add lorawan
2025-03-23 14:40:52,348 [INFO] IPUIPlugin:80 - create IPUIPlugin
2025-03-23 14:40:52,348 [INFO] PluginManager:220 - loadIPPluginJar : add ltdc
2025-03-23 14:40:52,376 [INFO] IPUIPlugin:80 - create IPUIPlugin
2025-03-23 14:40:52,376 [INFO] PluginManager:220 - loadIPPluginJar : add mdma
2025-03-23 14:40:52,395 [INFO] IPUIPlugin:80 - create IPUIPlugin
2025-03-23 14:40:52,395 [INFO] PluginManager:220 - loadIPPluginJar : add nvic
2025-03-23 14:40:52,401 [INFO] ThirdPartyUpdaterWithRetryManager:70 - Updater plugin not ready yet. [2/15]
2025-03-23 14:40:52,451 [INFO] IPUIPlugin:80 - create IPUIPlugin
2025-03-23 14:40:52,453 [INFO] PluginManager:220 - loadIPPluginJar : add opamp
2025-03-23 14:40:52,576 [INFO] IPUIPlugin:80 - create IPUIPlugin
2025-03-23 14:40:52,576 [INFO] PluginManager:220 - loadIPPluginJar : add openamp
2025-03-23 14:40:52,690 [INFO] IPUIPlugin:80 - create IPUIPlugin
2025-03-23 14:40:52,690 [INFO] PluginManager:220 - loadIPPluginJar : add pdm2pcm
2025-03-23 14:40:52,711 [INFO] IPUIPlugin:80 - create IPUIPlugin
2025-03-23 14:40:52,717 [INFO] PluginManager:220 - loadIPPluginJar : add plateformsettings
2025-03-23 14:40:52,773 [INFO] IPUIPlugin:80 - create IPUIPlugin
2025-03-23 14:40:52,773 [INFO] PluginManager:220 - loadIPPluginJar : add quadspi
2025-03-23 14:40:52,824 [INFO] IPUIPlugin:80 - create IPUIPlugin
2025-03-23 14:40:52,824 [INFO] PluginManager:220 - loadIPPluginJar : add radio
2025-03-23 14:40:52,845 [INFO] IPUIPlugin:80 - create IPUIPlugin
2025-03-23 14:40:52,845 [INFO] PluginManager:220 - loadIPPluginJar : add resmgrutility
2025-03-23 14:40:52,920 [INFO] IPUIPlugin:80 - create IPUIPlugin
2025-03-23 14:40:52,920 [INFO] PluginManager:220 - loadIPPluginJar : add sai
2025-03-23 14:40:52,986 [INFO] IPUIPlugin:80 - create IPUIPlugin
2025-03-23 14:40:52,986 [INFO] PluginManager:220 - loadIPPluginJar : add spi
2025-03-23 14:40:53,093 [INFO] IPUIPlugin:80 - create IPUIPlugin
2025-03-23 14:40:53,093 [INFO] PluginManager:220 - loadIPPluginJar : add stm32_wpan
2025-03-23 14:40:53,137 [INFO] IPUIPlugin:80 - create IPUIPlugin
2025-03-23 14:40:53,137 [INFO] PluginManager:220 - loadIPPluginJar : add tim
2025-03-23 14:40:53,238 [INFO] IPUIPlugin:80 - create IPUIPlugin
2025-03-23 14:40:53,239 [INFO] PluginManager:220 - loadIPPluginJar : add touchsensing
2025-03-23 14:40:53,286 [INFO] IPUIPlugin:80 - create IPUIPlugin
2025-03-23 14:40:53,286 [INFO] PluginManager:220 - loadIPPluginJar : add tracer_emb
2025-03-23 14:40:53,326 [INFO] IPUIPlugin:80 - create IPUIPlugin
2025-03-23 14:40:53,326 [INFO] PluginManager:220 - loadIPPluginJar : add ts
2025-03-23 14:40:53,373 [INFO] IPUIPlugin:80 - create IPUIPlugin
2025-03-23 14:40:53,373 [INFO] PluginManager:220 - loadIPPluginJar : add tsc
2025-03-23 14:40:53,416 [INFO] IPUIPlugin:80 - create IPUIPlugin
2025-03-23 14:40:53,416 [INFO] PluginManager:220 - loadIPPluginJar : add ucpd
2025-03-23 14:40:53,502 [INFO] IPUIPlugin:80 - create IPUIPlugin
2025-03-23 14:40:53,502 [INFO] PluginManager:220 - loadIPPluginJar : add usart
2025-03-23 14:40:53,572 [INFO] IPUIPlugin:80 - create IPUIPlugin
2025-03-23 14:40:53,572 [INFO] PluginManager:220 - loadIPPluginJar : add usbx
2025-03-23 14:40:53,732 [FATAL] Updater:351 - Updater called before beeing initialized
2025-03-23 14:40:53,799 [INFO] RulesReader:64 - Compatibility file has been processed (297 Rules)
2025-03-23 14:40:53,812 [INFO] RulesReader:64 - Compatibility file has been processed (297 Rules)
2025-03-23 14:40:53,824 [INFO] CADModel:165 - CPN selected for project level
2025-03-23 14:40:53,824 [INFO] CADModel:114 - Register for checkConnection events
2025-03-23 14:40:53,824 [FATAL] Updater:351 - Updater called before beeing initialized
2025-03-23 14:40:53,824 [ERROR] CADModel:125 - Updater not yet initialized, retry later 
2025-03-23 14:40:54,057 [FATAL] Updater:351 - Updater called before beeing initialized
2025-03-23 14:40:54,065 [INFO] CADModel:165 - CPN selected for project level
2025-03-23 14:40:54,065 [INFO] CADModel:114 - Register for checkConnection events
2025-03-23 14:40:54,065 [FATAL] Updater:351 - Updater called before beeing initialized
2025-03-23 14:40:54,065 [ERROR] CADModel:125 - Updater not yet initialized, retry later 
2025-03-23 14:40:54,069 [FATAL] Updater:351 - Updater called before beeing initialized
2025-03-23 14:40:54,210 [FATAL] Updater:351 - Updater called before beeing initialized
2025-03-23 14:40:54,228 [INFO] DbMcusAds:53 - JSON generation date=Thu Mar 06 20:24:21 IST 2025 (1741272861825)
2025-03-23 14:40:54,228 [FATAL] Updater:351 - Updater called before beeing initialized
2025-03-23 14:40:54,277 [WARN] DetailPanel:346 - Failed to get advertising image, set to default
2025-03-23 14:40:54,574 [FATAL] Updater:351 - Updater called before beeing initialized
2025-03-23 14:40:54,581 [FATAL] Updater:351 - Updater called before beeing initialized
2025-03-23 14:40:54,581 [FATAL] Updater:351 - Updater called before beeing initialized
2025-03-23 14:40:54,581 [WARN] DetailPanel:346 - Failed to get advertising image, set to default
2025-03-23 14:40:54,584 [FATAL] Updater:351 - Updater called before beeing initialized
2025-03-23 14:40:54,663 [ERROR] Updater:1198 - MainUpdater not yet initialized. External WinMGr cannot be set.
2025-03-23 14:40:54,683 [INFO] Updater:1134 - Updater Version found : 6.13.0
2025-03-23 14:40:54,711 [INFO] ApplicationProperties:184 - Using Application install path: C:\ST\STM32CubeIDE_1.17.0\STM32CubeIDE\plugins\com.st.stm32cube.common.mx_6.13.0.202411220809
2025-03-23 14:40:55,412 [INFO] ThirdPartyUpdaterWithRetryManager:70 - Updater plugin not ready yet. [3/15]
2025-03-23 14:40:56,373 [ERROR] LogOutputStream:75 - [STDERR_REDIRECT] Mar 23, 2025 2:40:56 PM java.util.prefs.WindowsPreferences <init>
2025-03-23 14:40:56,375 [ERROR] LogOutputStream:75 - [STDERR_REDIRECT] WARNING: Could not open/create prefs root node Software\JavaSoft\Prefs at root 0xffffffff80000002. Windows RegCreateKeyEx(...) returned error code 5.
2025-03-23 14:40:56,375 [ERROR] LogOutputStream:75 - [STDERR_REDIRECT] 
2025-03-23 14:40:56,920 [INFO] MainUpdater:2872 - connection check result : 10
2025-03-23 14:40:56,920 [INFO] MainUpdater:3566 - Updater definition file requires update
2025-03-23 14:40:56,920 [INFO] MainUpdater:289 - Updater Check For Update Now.
2025-03-23 14:40:56,923 [INFO] MicroXplorer:498 - Change Database Version : DB.6.0.130
2025-03-23 14:40:56,964 [INFO] McuFinderGlobals:63 - Set McuFinder mode to 2 (CubeIDE integrated)
2025-03-23 14:40:56,966 [INFO] UserAuth:171 - activating auth plugin
2025-03-23 14:40:56,977 [INFO] UserAuth:486 - Internet connection configuration mode: 1
2025-03-23 14:40:57,007 [INFO] ServerAccessManage:473 - Download File updaters.zip
2025-03-23 14:40:57,067 [INFO] JxBrowserEngine:152 - Initiate JxBrowser Engine with user profile folder
2025-03-23 14:40:57,178 [INFO] FileExtend:240 - Unzip File : updaters.zip
2025-03-23 14:40:57,178 [INFO] FileExtend:255 - Standard Zip Deflate
2025-03-23 14:40:58,415 [WARN] MainUpdater:1193 - Updater busy. Cannot search thirdparties
2025-03-23 14:40:58,415 [INFO] ThirdPartyUpdaterWithRetryManager:96 - Updater plugin is busy. [1/15]
2025-03-23 14:40:58,841 [INFO] ServerAccessManage:473 - Download File PacksControlFlags.xml
2025-03-23 14:40:59,029 [INFO] ServerAccessManage:473 - Download File cubemx.pidx
2025-03-23 14:41:00,341 [INFO] WebApp:168 - Instantiating new browser for Auth
2025-03-23 14:41:01,429 [WARN] MainUpdater:1193 - Updater busy. Cannot search thirdparties
2025-03-23 14:41:01,429 [INFO] ThirdPartyUpdaterWithRetryManager:96 - Updater plugin is busy. [2/15]
2025-03-23 14:41:01,608 [INFO] ServerAccessManage:473 - Download File STMicroelectronics.X-CUBE-AZRTOS-H7RS.pdsc
2025-03-23 14:41:01,778 [INFO] WebApp:449 - Apply proxy settings
2025-03-23 14:41:01,778 [INFO] WebApp:534 - Chromium requires no authentication
2025-03-23 14:41:01,795 [INFO] WebApp:477 - Direct internet connection detected
2025-03-23 14:41:01,837 [INFO] WebApp:880 - Register for checkConnection events
2025-03-23 14:41:01,837 [INFO] WebApp:449 - Apply proxy settings
2025-03-23 14:41:01,837 [INFO] WebApp:534 - Chromium requires no authentication
2025-03-23 14:41:01,839 [INFO] WebApp:477 - Direct internet connection detected
2025-03-23 14:41:02,204 [INFO] WebApp:221 - Starting web application
2025-03-23 14:41:02,204 [INFO] WebApp:579 - Web application path used C:\ST\STM32CubeIDE_1.17.0\STM32CubeIDE\plugins\com.st.stm32cube.common.mx_6.13.0.202411220809\db\plugins\mcufinder\reactClient1\index.html
2025-03-23 14:41:02,961 [INFO] WebApp:187 - Connection restablished
2025-03-23 14:41:03,121 [WARN] PackLoader:240 - Cannot read IP mode file for STMicroelectronics.X-CUBE-AZRTOS-H7RS.1.1.0
2025-03-23 14:41:03,127 [INFO] PopulateThirdPartyThread:66 - Ending populate Thread
2025-03-23 14:41:03,131 [INFO] ThirdParty:1030 - CMSIS Pack Vendor :STMicroelectronics X-CUBE-AZRTOS-H7RS 1.1.0
2025-03-23 14:41:03,131 [INFO] LoadServerUpdatesThread:375 - End of LoadServerUpdate Thread
2025-03-23 14:41:03,236 [INFO] CheckServerUpdateThread:120 - End of CheckServer Thread
2025-03-23 14:41:04,809 [WARN] PackLoader:240 - Cannot read IP mode file for STMicroelectronics.FP-SNS-MOTENVWB1.1.4.0
2025-03-23 14:41:04,817 [WARN] PackLoader:240 - Cannot read IP mode file for STMicroelectronics.FP-ATR-ASTRA1.2.0.2
2025-03-23 14:41:04,839 [WARN] PackLoader:240 - Cannot read IP mode file for STMicroelectronics.X-CUBE-SMBUS.2.1.0
2025-03-23 14:41:04,859 [WARN] PackLoader:240 - Cannot read IP mode file for STMicroelectronics.X-CUBE-WB05N.1.1.0
2025-03-23 14:41:04,903 [WARN] PackLoader:240 - Cannot read IP mode file for STMicroelectronics.X-CUBE-AZRTOS-F7.1.1.0
2025-03-23 14:41:04,928 [WARN] PackLoader:240 - Cannot read IP mode file for STMicroelectronics.FP-SNS-FLIGHT1.5.0.2
2025-03-23 14:41:04,974 [WARN] PackLoader:240 - Cannot read IP mode file for Infineon.AIROC-Wi-Fi-Bluetooth-STM32.1.7.0
2025-03-23 14:41:05,001 [WARN] PackLoader:240 - Cannot read IP mode file for STMicroelectronics.X-CUBE-DISPLAY.3.0.0
2025-03-23 14:41:05,025 [WARN] PackLoader:240 - Cannot read IP mode file for STMicroelectronics.X-CUBE-NFC10.1.0.0
2025-03-23 14:41:05,055 [WARN] PackLoader:240 - Cannot read IP mode file for STMicroelectronics.X-CUBE-BLEMGR.4.0.0
2025-03-23 14:41:05,078 [WARN] PackLoader:240 - Cannot read IP mode file for emotas.I-CUBE-CANOPEN.1.3.0
2025-03-23 14:41:05,085 [WARN] ConditionMgr:438 - getConditionDescription Invalid condition id : Cortex-A Device cause : null
2025-03-23 14:41:05,115 [WARN] ConditionMgr:1044 - genDependencies : Invalid condition id : Cortex-A Device cause : null
2025-03-23 14:41:05,115 [WARN] ConditionMgr:1044 - genDependencies : Invalid condition id : Cortex-A Device cause : null
2025-03-23 14:41:05,115 [WARN] ConditionMgr:1044 - genDependencies : Invalid condition id : Cortex-A Device cause : null
2025-03-23 14:41:05,138 [WARN] PackLoader:240 - Cannot read IP mode file for STMicroelectronics.X-CUBE-AI.10.0.0
2025-03-23 14:41:05,159 [WARN] PackLoader:240 - Cannot read IP mode file for STMicroelectronics.FP-SNS-SMARTAG2.1.2.0
2025-03-23 14:41:05,163 [WARN] PackLoader:240 - Cannot read IP mode file for STMicroelectronics.FP-SNS-FLIGHT1.5.1.0
2025-03-23 14:41:05,242 [WARN] PackLoader:240 - Cannot read IP mode file for STMicroelectronics.X-CUBE-MEMS1.11.1.0
2025-03-23 14:41:05,402 [INFO] LogOutputStream:77 - [STDOUT_REDIRECT] 1 : Invalid condition id : UX_CORESTACK_Condition cause : null
2025-03-23 14:41:05,402 [INFO] LogOutputStream:77 - [STDOUT_REDIRECT] 1 : Invalid condition id : UX_CORESTACK_Condition cause : null
2025-03-23 14:41:05,405 [INFO] LogOutputStream:77 - [STDOUT_REDIRECT] 1 : Invalid condition id : UX_CORESTACK_Condition cause : null
2025-03-23 14:41:05,407 [INFO] LogOutputStream:77 - [STDOUT_REDIRECT] 1 : Invalid condition id : UX_CORESTACK_Condition cause : null
2025-03-23 14:41:05,409 [INFO] LogOutputStream:77 - [STDOUT_REDIRECT] 1 : Invalid condition id : UX_CORESTACK_Condition cause : null
2025-03-23 14:41:05,412 [WARN] PackLoader:240 - Cannot read IP mode file for STMicroelectronics.X-CUBE-AZRTOS-WL.2.0.0
2025-03-23 14:41:05,431 [WARN] PackLoader:240 - Cannot read IP mode file for STMicroelectronics.FP-SNS-MOTENV1.5.0.0
2025-03-23 14:41:05,455 [WARN] PackLoader:240 - Cannot read IP mode file for WES.I-CUBE-Cesium.1.3.0
2025-03-23 14:41:05,479 [WARN] PackLoader:240 - Cannot read IP mode file for STMicroelectronics.X-CUBE-BLE2.3.3.0
2025-03-23 14:41:05,500 [WARN] PackLoader:240 - Cannot read IP mode file for STMicroelectronics.X-CUBE-NFC9.1.0.0
2025-03-23 14:41:05,526 [WARN] PackLoader:240 - Cannot read IP mode file for STMicroelectronics.X-CUBE-BLE1.7.1.0
2025-03-23 14:41:05,530 [WARN] PackLoader:240 - Cannot read IP mode file for wolfSSL.I-CUBE-wolfMQTT.1.19.2
2025-03-23 14:41:05,571 [WARN] PackLoader:240 - Cannot read IP mode file for STMicroelectronics.X-CUBE-AZRTOS-G0.1.1.0
2025-03-23 14:41:05,594 [WARN] PackLoader:240 - Cannot read IP mode file for STMicroelectronics.X-CUBE-SAFEA1.1.2.2
2025-03-23 14:41:05,616 [WARN] PackLoader:240 - Cannot read IP mode file for STMicroelectronics.X-CUBE-NFC4.3.0.0
2025-03-23 14:41:05,639 [WARN] PackLoader:240 - Cannot read IP mode file for EmbeddedOffice.I-CUBE-FS-RTOS.1.0.1
2025-03-23 14:41:05,655 [WARN] PackLoader:240 - Cannot read IP mode file for wolfSSL.I-CUBE-wolfTPM.3.8.0
2025-03-23 14:41:05,676 [WARN] PackLoader:240 - Cannot read IP mode file for STMicroelectronics.X-CUBE-TCPP.4.2.0
2025-03-23 14:41:05,696 [WARN] PackLoader:240 - Cannot read IP mode file for RealThread.X-CUBE-RT-Thread_Nano.4.1.1
2025-03-23 14:41:05,701 [WARN] PackLoader:240 - Cannot read IP mode file for STMicroelectronics.FP-ATR-SIGFOX1.3.2.0
2025-03-23 14:41:05,721 [WARN] PackLoader:240 - Cannot read IP mode file for STMicroelectronics.X-CUBE-EEPRMA1.5.1.0
2025-03-23 14:41:05,739 [WARN] PackLoader:240 - Cannot read IP mode file for wolfSSL.I-CUBE-wolfSSL.5.7.6
2025-03-23 14:41:05,753 [WARN] PackLoader:240 - Cannot read IP mode file for ITTIA_DB.I-CUBE-ITTIADB.8.9.0
2025-03-23 14:41:05,796 [WARN] PackLoader:240 - Cannot read IP mode file for SEGGER.I-CUBE-embOS.1.3.1
2025-03-23 14:41:05,839 [WARN] PackLoader:240 - Cannot read IP mode file for STMicroelectronics.X-CUBE-ALGOBUILD.1.4.0
2025-03-23 14:41:05,892 [WARN] PackLoader:240 - Cannot read IP mode file for STMicroelectronics.X-CUBE-AZRTOS-F4.1.1.0
2025-03-23 14:41:05,915 [WARN] PackLoader:240 - Cannot read IP mode file for STMicroelectronics.X-CUBE-ISPU.2.1.0
2025-03-23 14:41:05,962 [WARN] PackLoader:240 - Cannot read IP mode file for STMicroelectronics.X-CUBE-AZRTOS-L5.2.0.0
2025-03-23 14:41:05,988 [WARN] PackLoader:240 - Cannot read IP mode file for STMicroelectronics.X-CUBE-NFC6.3.1.0
2025-03-23 14:41:06,009 [WARN] PackLoader:240 - Cannot read IP mode file for STMicroelectronics.X-CUBE-DPower.1.2.0
2025-03-23 14:41:06,033 [WARN] PackLoader:240 - Cannot read IP mode file for STMicroelectronics.X-CUBE-FREERTOS.1.3.0
2025-03-23 14:41:06,055 [WARN] PackLoader:240 - Cannot read IP mode file for STMicroelectronics.X-CUBE-NFC7.1.0.1
2025-03-23 14:41:06,091 [WARN] ConditionMgr:438 - getConditionDescription Invalid condition id : LAN8742 Phy interface Condition cause : null
2025-03-23 14:41:06,091 [WARN] PackLoader:240 - Cannot read IP mode file for STMicroelectronics.X-CUBE-AZRTOS-L4.2.0.0
2025-03-23 14:41:06,091 [WARN] ConditionMgr:1044 - genDependencies : Invalid condition id : LAN8742 Phy interface Condition cause : null
2025-03-23 14:41:06,091 [WARN] ConditionMgr:1044 - genDependencies : Invalid condition id : LAN8742 Phy interface Condition cause : null
2025-03-23 14:41:06,091 [WARN] ConditionMgr:1044 - genDependencies : Invalid condition id : LAN8742 Phy interface Condition cause : null
2025-03-23 14:41:06,115 [WARN] PackLoader:240 - Cannot read IP mode file for STMicroelectronics.X-CUBE-SFXS2LP1.4.0.0
2025-03-23 14:41:06,154 [WARN] PackLoader:240 - Cannot read IP mode file for STMicroelectronics.X-CUBE-AZRTOS-H7.3.3.0
2025-03-23 14:41:06,187 [WARN] ConditionMgr:438 - getConditionDescription Invalid condition id : UX DEVICE CLASS RTOS Condition cause : null
2025-03-23 14:41:06,187 [WARN] ConditionMgr:438 - getConditionDescription Invalid condition id : UX DEVICE CLASS RTOS Condition cause : null
2025-03-23 14:41:06,187 [WARN] PackLoader:240 - Cannot read IP mode file for STMicroelectronics.X-CUBE-AZRTOS-WB.2.0.0
2025-03-23 14:41:06,190 [WARN] ConditionMgr:1044 - genDependencies : Invalid condition id : UX DEVICE CLASS RTOS Condition cause : null
2025-03-23 14:41:06,190 [WARN] ConditionMgr:1044 - genDependencies : Invalid condition id : UX DEVICE CLASS RTOS Condition cause : null
2025-03-23 14:41:06,190 [WARN] ConditionMgr:1044 - genDependencies : Invalid condition id : UX DEVICE CLASS RTOS Condition cause : null
2025-03-23 14:41:06,190 [WARN] ConditionMgr:1044 - genDependencies : Invalid condition id : UX DEVICE CLASS RTOS Condition cause : null
2025-03-23 14:41:06,190 [WARN] ConditionMgr:1044 - genDependencies : Invalid condition id : UX DEVICE CLASS RTOS Condition cause : null
2025-03-23 14:41:06,211 [WARN] PackLoader:240 - Cannot read IP mode file for STMicroelectronics.X-CUBE-GNSS1.7.0.1
2025-03-23 14:41:06,233 [WARN] PackLoader:240 - Cannot read IP mode file for STMicroelectronics.X-CUBE-TOUCHGFX.4.25.0
2025-03-23 14:41:06,255 [WARN] PackLoader:240 - Cannot read IP mode file for STMicroelectronics.FP-SNS-STBOX1.2.0.0
2025-03-23 14:41:06,283 [WARN] PackLoader:240 - Cannot read IP mode file for STMicroelectronics.X-CUBE-SUBG2.5.0.0
2025-03-23 14:41:06,302 [WARN] PackLoader:240 - Cannot read IP mode file for STMicroelectronics.X-CUBE-AZRTOS-H7RS.1.1.0
2025-03-23 14:41:06,310 [WARN] PackLoader:240 - Cannot read IP mode file for Cesanta.I-CUBE-Mongoose.7.13.0
2025-03-23 14:41:06,340 [WARN] PackLoader:240 - Cannot read IP mode file for STMicroelectronics.X-CUBE-AZRTOS-G4.2.0.0
2025-03-23 14:41:06,346 [WARN] PackLoader:240 - Cannot read IP mode file for wolfSSL.I-CUBE-wolfSSH.1.4.20
2025-03-23 14:41:06,379 [WARN] PackLoader:240 - Cannot read IP mode file for STMicroelectronics.X-CUBE-IPS.3.1.0
2025-03-23 14:41:06,406 [WARN] PackLoader:240 - Cannot read IP mode file for STMicroelectronics.X-CUBE-ALS.1.0.2
2025-03-23 14:41:06,426 [WARN] PackLoader:240 - Cannot read IP mode file for STMicroelectronics.X-CUBE-TOUCHGFX.4.24.2
2025-03-23 14:41:06,447 [WARN] PackLoader:240 - Cannot read IP mode file for portGmbH.I-Cube-SoM-uGOAL.1.1.0
2025-03-23 14:41:06,486 [WARN] PackLoader:240 - Cannot read IP mode file for STMicroelectronics.X-CUBE-AZRTOS-H7RS.1.0.0
2025-03-23 14:41:06,514 [WARN] PackLoader:240 - Cannot read IP mode file for STMicroelectronics.X-CUBE-TOF1.3.4.2
2025-03-23 14:41:06,521 [INFO] ThirdParty:978 - Integrity check success = true
2025-03-23 14:41:06,521 [INFO] IntegrityCheckThread:100 - exiting critical section [integrity check]
2025-03-23 14:41:06,521 [INFO] IntegrityCheckThread:103 - End integrity checks thread
2025-03-23 16:42:39,285 [INFO] WebApp:190 - Connection lost
2025-03-23 21:09:37,183 [ERROR] LogOutputStream:75 - [STDERR_REDIRECT] 21:09:37.180 ERROR Chromium process exit code: -2,147,483,645
2025-03-23 21:09:37,183 [ERROR] LogOutputStream:75 - [STDERR_REDIRECT] 
2025-03-23 21:09:37,185 [ERROR] LogOutputStream:75 - [STDERR_REDIRECT] 21:09:37.184 ERROR Crash dump dir: C:\Users\Bgohel\AppData\Local\JxBrowser\7.39.2\CrashReports
2025-03-23 21:09:37,186 [ERROR] LogOutputStream:75 - [STDERR_REDIRECT] 
2025-03-23 21:09:37,187 [ERROR] WebApp:398 - JxBrowser engine crashed! Exit code: -2147483645
2025-03-23 21:19:50,018 [ERROR] ConfigurationRetriever:142 - IOException on connection: Read timed out
2025-03-23 21:19:52,548 [ERROR] ConfigurationRetriever:142 - IOException on connection: Read timed out
2025-03-23 21:19:57,121 [ERROR] ConfigurationRetriever:142 - IOException on connection: Read timed out
2025-03-23 21:19:59,141 [ERROR] ConfigurationRetriever:142 - IOException on connection: Read timed out
2025-03-23 22:12:31,805 [ERROR] ConfigurationRetriever:142 - IOException on connection: Read timed out
2025-03-23 23:18:50,583 [ERROR] LogOutputStream:75 - [STDERR_REDIRECT] 
2025-03-23 23:18:50,584 [ERROR] LogOutputStream:75 - [STDERR_REDIRECT] 
