2025-04-13 00:03:21,056 [INFO] WebApp:190 - Connection lost
2025-04-13 00:03:21,653 [INFO] WebApp:187 - Connection restablished
2025-04-13 10:00:43,376 [INFO] WebApp:190 - Connection lost
2025-04-13 10:00:52,984 [INFO] WebApp:187 - Connection restablished
2025-04-13 10:02:39,945 [INFO] WebApp:190 - Connection lost
2025-04-13 10:02:40,372 [INFO] WebApp:187 - Connection restablished
2025-04-13 10:17:45,315 [INFO] WebApp:190 - Connection lost
2025-04-13 10:17:45,650 [INFO] WebApp:187 - Connection restablished
2025-04-13 10:51:19,463 [INFO] WebApp:190 - Connection lost
2025-04-13 10:51:20,245 [INFO] WebApp:187 - Connection restablished
2025-04-13 18:37:38,134 [INFO] WebApp:190 - Connection lost
2025-04-13 18:37:41,753 [INFO] WebApp:187 - Connection restablished
2025-04-13 18:37:42,586 [INFO] WebApp:190 - Connection lost
2025-04-13 18:37:42,812 [INFO] WebApp:187 - Connection restablished
2025-04-13 18:37:44,917 [INFO] WebApp:190 - Connection lost
2025-04-13 18:37:45,145 [INFO] WebApp:187 - Connection restablished
2025-04-13 18:37:48,028 [INFO] WebApp:190 - Connection lost
2025-04-13 18:37:48,642 [INFO] WebApp:187 - Connection restablished
2025-04-13 18:39:33,418 [INFO] WebApp:190 - Connection lost
2025-04-13 18:39:33,765 [INFO] WebApp:187 - Connection restablished
2025-04-13 18:51:40,406 [INFO] MainUpdater:2872 - connection check result : 10
2025-04-13 18:51:40,408 [INFO] MainUpdater:2872 - connection check result : 10
2025-04-13 18:51:40,800 [INFO] MicroXplorer:468 - Change Database Path : 
2025-04-13 18:51:40,800 [INFO] MicroXplorer:498 - Change Database Version : DB.6.0.130
2025-04-13 18:51:40,858 [ERROR] ProjectManagerView:394 - 
java.lang.NullPointerException: Cannot invoke "javax.swing.JTextField.getText()" because the return value of "java.util.List.get(int)" is null
	at com.st.microxplorer.plugins.projectmanager.gui.ProjectChoiceTab$9.caretUpdate(ProjectChoiceTab.java:2616) ~[filemanager.jar:?]
	at javax.swing.text.JTextComponent.fireCaretUpdate(JTextComponent.java:408) ~[?:?]
	at javax.swing.text.JTextComponent$MutableCaretEvent.fire(JTextComponent.java:4484) ~[?:?]
	at javax.swing.text.JTextComponent$MutableCaretEvent.stateChanged(JTextComponent.java:4506) ~[?:?]
	at javax.swing.text.DefaultCaret.fireStateChanged(DefaultCaret.java:857) ~[?:?]
	at javax.swing.text.DefaultCaret.changeCaretPosition(DefaultCaret.java:1343) ~[?:?]
	at javax.swing.text.DefaultCaret.handleSetDot(DefaultCaret.java:1242) ~[?:?]
	at javax.swing.text.DefaultCaret.setDot(DefaultCaret.java:1223) ~[?:?]
	at javax.swing.text.DefaultCaret$Handler.insertUpdate(DefaultCaret.java:1819) ~[?:?]
	at javax.swing.text.AbstractDocument.fireInsertUpdate(AbstractDocument.java:227) ~[?:?]
	at javax.swing.text.AbstractDocument.handleInsertString(AbstractDocument.java:781) ~[?:?]
	at javax.swing.text.AbstractDocument.insertString(AbstractDocument.java:740) ~[?:?]
	at javax.swing.text.PlainDocument.insertString(PlainDocument.java:131) ~[?:?]
	at javax.swing.text.AbstractDocument.replace(AbstractDocument.java:699) ~[?:?]
	at javax.swing.text.JTextComponent.setText(JTextComponent.java:1725) ~[?:?]
	at com.st.microxplorer.plugins.projectmanager.gui.ProjectChoiceTab.createHeapStackFields(ProjectChoiceTab.java:975) ~[filemanager.jar:?]
	at com.st.microxplorer.plugins.projectmanager.gui.ProjectChoiceTab.buildLinkSettingsPanel(ProjectChoiceTab.java:3666) ~[filemanager.jar:?]
	at com.st.microxplorer.plugins.projectmanager.gui.ProjectChoiceTab.defineWindowsFields(ProjectChoiceTab.java:1934) ~[filemanager.jar:?]
	at com.st.microxplorer.plugins.projectmanager.gui.ProjectChoiceTab.updateSettings(ProjectChoiceTab.java:553) ~[filemanager.jar:?]
	at com.st.microxplorer.plugins.projectmanager.gui.ProjectSettingsPanel.UpdateDialog(ProjectSettingsPanel.java:245) ~[filemanager.jar:?]
	at com.st.microxplorer.plugins.projectmanager.ProjectManagerView.propertyChange(ProjectManagerView.java:391) ~[filemanager.jar:?]
	at java.beans.PropertyChangeSupport.fire(PropertyChangeSupport.java:343) ~[?:?]
	at java.beans.PropertyChangeSupport.firePropertyChange(PropertyChangeSupport.java:335) ~[?:?]
	at java.beans.PropertyChangeSupport.firePropertyChange(PropertyChangeSupport.java:268) ~[?:?]
	at com.st.microxplorer.util.MXPropertyChangeSupport.firePropertyChange(MXPropertyChangeSupport.java:54) ~[STM32CubeMX.jar:?]
	at com.st.microxplorer.mxsystem.MxSystem.closeConfig(MxSystem.java:899) ~[STM32CubeMX.jar:?]
	at com.st.microxplorer.maingui.MainPanel.closeConfig(MainPanel.java:789) ~[STM32CubeMX.jar:?]
	at com.st.microxplorer.plugins.filemanager.engine.OpenFileManager.loadConfigurationFile(OpenFileManager.java:265) ~[filemanager.jar:?]
	at com.st.microxplorer.plugins.filemanager.engine.MainFileManager.userLoadConfig(MainFileManager.java:340) ~[filemanager.jar:?]
	at com.st.microxplorer.plugins.filemanager.engine.MainFileManager.userLoadConfig(MainFileManager.java:318) ~[filemanager.jar:?]
	at com.st.microxplorer.plugins.filemanager.FileManagerView.getSpecificTask(FileManagerView.java:246) ~[filemanager.jar:?]
	at com.st.stm32cube.common.mx.editor.CubeMxEditor.getMxTabbedPaneInstance(CubeMxEditor.java:1198) ~[com.st.stm32cube.common.mx_6.13.0.202411220809/:?]
	at com.st.stm32cube.common.mx.editor.CubeMxEditor$12$1.createSwingComponent(CubeMxEditor.java:1068) ~[com.st.stm32cube.common.mx_6.13.0.202411220809/:?]
	at com.st.stm32cube.common.mx.oss.core.awtswtbridge.EmbeddedSwingComposite.doComponentCreation(EmbeddedSwingComposite.java:492) ~[com.st.stm32cube.common.mx.oss_6.13.0.202411220809/:?]
	at com.st.stm32cube.common.mx.oss.core.awtswtbridge.EmbeddedSwingComposite$4.run(EmbeddedSwingComposite.java:291) ~[com.st.stm32cube.common.mx.oss_6.13.0.202411220809/:?]
	at com.st.stm32cube.common.mx.oss.core.awtswtbridge.AwtEnvironment$2.run(AwtEnvironment.java:166) ~[com.st.stm32cube.common.mx.oss_6.13.0.202411220809/:?]
	at java.awt.event.InvocationEvent.dispatch(InvocationEvent.java:318) ~[?:?]
	at java.awt.EventQueue.dispatchEventImpl(EventQueue.java:773) ~[?:?]
	at java.awt.EventQueue$4.run(EventQueue.java:720) ~[?:?]
	at java.awt.EventQueue$4.run(EventQueue.java:714) ~[?:?]
	at java.security.AccessController.doPrivileged(AccessController.java:400) ~[?:?]
	at java.security.ProtectionDomain$JavaSecurityAccessImpl.doIntersectionPrivilege(ProtectionDomain.java:87) ~[?:?]
	at java.awt.EventQueue.dispatchEvent(EventQueue.java:742) ~[?:?]
	at java.awt.EventDispatchThread.pumpOneEventForFilters(EventDispatchThread.java:203) ~[?:?]
	at java.awt.EventDispatchThread.pumpEventsForFilter(EventDispatchThread.java:124) ~[?:?]
	at java.awt.EventDispatchThread.pumpEventsForHierarchy(EventDispatchThread.java:113) ~[?:?]
	at java.awt.EventDispatchThread.pumpEvents(EventDispatchThread.java:109) ~[?:?]
	at java.awt.EventDispatchThread.pumpEvents(EventDispatchThread.java:101) ~[?:?]
	at java.awt.EventDispatchThread.run(EventDispatchThread.java:90) ~[?:?]
2025-04-13 18:51:40,861 [WARN] ThirdParty:871 - waiting for thirdparty lock release [close project]
2025-04-13 18:51:40,862 [INFO] ThirdParty:873 - entering critical section [close project]
2025-04-13 18:51:40,862 [INFO] ThirdParty:883 - exiting critical section [close project]
2025-04-13 18:51:40,864 [INFO] PinOutPanel:1589 - setPackage(No Configuration,No Configuration)
2025-04-13 18:51:40,884 [WARN] IpParametersView:154 - Warning: This peripheral hasn't parameters
2025-04-13 18:51:40,907 [WARN] MainPanel:289 - <html><b><center>Warning: This peripheral has no parameters to be configured<br></b></html>
2025-04-13 18:51:40,908 [ERROR] MainPanel:599 - java.lang.IndexOutOfBoundsException: Index: 0, Tab count: 0
2025-04-13 18:51:40,914 [INFO] UtilMem:75 - Begin LoadConfig() Used Memory: 840707144 Bytes (1073741824)
2025-04-13 18:51:40,915 [INFO] MicroXplorer:468 - Change Database Path : 
2025-04-13 18:51:40,916 [INFO] MicroXplorer:498 - Change Database Version : DB.6.0.130
2025-04-13 18:51:40,916 [INFO] OpenFileManager:332 - Change cursor
2025-04-13 18:51:40,989 [INFO] RulesReader:64 - Compatibility file has been processed (297 Rules)
2025-04-13 18:51:41,022 [INFO] Mcu:2035 - Initializing MCU STM32F407V(E-G)Tx STM32F407VGTx STM32F407VGT6
2025-04-13 18:51:44,211 [INFO] Context:748 - Trying to add GPIOservice into a context  which must be forbidden
2025-04-13 18:51:45,447 [INFO] RtosManager:555 - Registered RTOS mode: class=CMSIS, group=RTOS, mode=CMSIS_V1, owner=FREERTOS
2025-04-13 18:51:45,448 [INFO] RtosManager:555 - Registered RTOS mode: class=CMSIS, group=RTOS2, mode=CMSIS_V2, owner=FREERTOS
2025-04-13 18:51:45,448 [INFO] RtosManager:555 - Registered RTOS mode: class=RTOS, group=Core, mode=CMSIS_V1, owner=FREERTOS
2025-04-13 18:51:45,448 [INFO] RtosManager:555 - Registered RTOS mode: class=RTOS, group=Core, mode=CMSIS_V2, owner=FREERTOS
2025-04-13 18:51:45,448 [WARN] ModelIntegratedComponent:184 - Missing modes for component STMicroelectronics:FreeRTOS:0.0.1:STMicroelectronics:RTOS:FreeRTOS:Core:::10.2.0:
2025-04-13 18:51:45,484 [WARN] ModelIntegratedComponent:63 - No mode defined for component null
2025-04-13 18:51:45,485 [WARN] ModelIntegratedComponent:63 - No mode defined for component null
2025-04-13 18:51:45,485 [WARN] ModelIntegratedComponent:63 - No mode defined for component null
2025-04-13 18:51:45,485 [WARN] ModelIntegratedComponent:63 - No mode defined for component null
2025-04-13 18:51:45,485 [WARN] ModelIntegratedComponent:63 - No mode defined for component null
2025-04-13 18:51:45,485 [WARN] ModelIntegratedComponent:63 - No mode defined for component null
2025-04-13 18:51:45,485 [WARN] ModelIntegratedComponent:63 - No mode defined for component null
2025-04-13 18:51:45,485 [WARN] ModelIntegratedComponent:63 - No mode defined for component null
2025-04-13 18:51:45,485 [WARN] ModelIntegratedComponent:63 - No mode defined for component null
2025-04-13 18:51:45,485 [WARN] ModelIntegratedComponent:63 - No mode defined for component null
2025-04-13 18:51:45,485 [WARN] ModelIntegratedComponent:63 - No mode defined for component null
2025-04-13 18:51:45,485 [WARN] ModelIntegratedComponent:63 - No mode defined for component null
2025-04-13 18:51:45,486 [WARN] ModelIntegratedComponent:63 - No mode defined for component null
2025-04-13 18:51:45,486 [WARN] ModelIntegratedComponent:63 - No mode defined for component null
2025-04-13 18:51:45,486 [WARN] ModelIntegratedComponent:63 - No mode defined for component null
2025-04-13 18:51:45,486 [WARN] ModelIntegratedComponent:63 - No mode defined for component null
2025-04-13 18:51:45,486 [WARN] ModelIntegratedComponent:63 - No mode defined for component null
2025-04-13 18:51:45,486 [WARN] ModelIntegratedComponent:63 - No mode defined for component null
2025-04-13 18:51:45,486 [WARN] ModelIntegratedComponent:63 - No mode defined for component null
2025-04-13 18:51:45,486 [WARN] ModelIntegratedComponent:63 - No mode defined for component null
2025-04-13 18:51:45,487 [WARN] ModelIntegratedComponent:63 - No mode defined for component null
2025-04-13 18:51:45,487 [WARN] ModelIntegratedComponent:63 - No mode defined for component null
2025-04-13 18:51:45,487 [WARN] ModelIntegratedComponent:63 - No mode defined for component null
2025-04-13 18:51:45,487 [WARN] ModelIntegratedComponent:63 - No mode defined for component null
2025-04-13 18:51:45,487 [WARN] ModelIntegratedComponent:63 - No mode defined for component null
2025-04-13 18:51:45,487 [WARN] ModelIntegratedComponent:63 - No mode defined for component null
2025-04-13 18:51:45,487 [WARN] ModelIntegratedComponent:63 - No mode defined for component null
2025-04-13 18:51:45,487 [WARN] ModelIntegratedComponent:63 - No mode defined for component null
2025-04-13 18:51:45,487 [WARN] ModelIntegratedComponent:63 - No mode defined for component null
2025-04-13 18:51:45,487 [WARN] ModelIntegratedComponent:63 - No mode defined for component null
2025-04-13 18:51:45,489 [WARN] ModelIntegratedComponent:63 - No mode defined for component null
2025-04-13 18:51:45,489 [WARN] ModelIntegratedComponent:63 - No mode defined for component null
2025-04-13 18:51:45,489 [WARN] ModelIntegratedComponent:63 - No mode defined for component null
2025-04-13 18:51:45,489 [WARN] ModelIntegratedComponent:63 - No mode defined for component null
2025-04-13 18:51:45,489 [WARN] ModelIntegratedComponent:63 - No mode defined for component null
2025-04-13 18:51:45,489 [WARN] ModelPack:524 - Component already loaded: STMicroelectronics:HAL Drivers:0.0.0:STMicroelectronics:Device:STMicro_Driver:XSPI:HAL::0.0.1:HAL_XSPI
2025-04-13 18:51:45,716 [INFO] ThirdPartyModel:298 - Start build external matchings
2025-04-13 18:51:46,376 [INFO] ThirdPartyModel:316 - End build external matchings
2025-04-13 18:51:46,894 [INFO] UtilMem:75 - End LoadConfig() Used Memory: 865450264 Bytes (1073741824)
2025-04-13 18:51:46,958 [WARN] ThirdParty:833 - waiting for thirdparty lock release [change project]
2025-04-13 18:51:46,958 [INFO] ThirdParty:835 - entering critical section [change project]
2025-04-13 18:51:46,958 [INFO] ThirdParty:1030 - CMSIS Pack Vendor :STMicroelectronics USBPD 4.1
2025-04-13 18:51:46,958 [INFO] ThirdParty:1030 - CMSIS Pack Vendor :STMicroelectronics X-CUBE-AZRTOS-H7 3.3.0
2025-04-13 18:51:46,958 [INFO] ThirdParty:1030 - CMSIS Pack Vendor :STMicroelectronics X-CUBE-NFC9 1.0.0
2025-04-13 18:51:46,958 [INFO] ThirdParty:1030 - CMSIS Pack Vendor :STMicroelectronics USB_HOST 2.0.0
2025-04-13 18:51:46,959 [INFO] ThirdParty:1030 - CMSIS Pack Vendor :STMicroelectronics FP-SNS-MOTENVWB1 1.4.0
2025-04-13 18:51:46,959 [INFO] ThirdParty:1030 - CMSIS Pack Vendor :STMicroelectronics X-CUBE-AZRTOS-F4 1.1.0
2025-04-13 18:51:46,959 [INFO] ThirdParty:1030 - CMSIS Pack Vendor :STMicroelectronics LIBJPEG 8.0.0
2025-04-13 18:51:46,959 [INFO] ThirdParty:1030 - CMSIS Pack Vendor :STMicroelectronics FP-ATR-ASTRA1 2.0.2
2025-04-13 18:51:46,959 [INFO] ThirdParty:1030 - CMSIS Pack Vendor :STMicroelectronics X-CUBE-BLE1 7.1.0
2025-04-13 18:51:46,959 [INFO] ThirdParty:1030 - CMSIS Pack Vendor :STMicroelectronics X-CUBE-SMBUS 2.1.0
2025-04-13 18:51:46,959 [INFO] ThirdParty:1030 - CMSIS Pack Vendor :STMicroelectronics X-CUBE-WB05N 1.1.0
2025-04-13 18:51:46,959 [INFO] ThirdParty:1030 - CMSIS Pack Vendor :wolfSSL I-CUBE-wolfMQTT 1.19.2
2025-04-13 18:51:46,959 [INFO] ThirdParty:1030 - CMSIS Pack Vendor :STMicroelectronics USB_DEVICE 3.0.0
2025-04-13 18:51:46,961 [INFO] ThirdParty:1030 - CMSIS Pack Vendor :STMicroelectronics X-CUBE-ISPU 2.1.0
2025-04-13 18:51:46,961 [INFO] ThirdParty:1030 - CMSIS Pack Vendor :STMicroelectronics X-CUBE-AZRTOS-WB 2.0.0
2025-04-13 18:51:46,961 [INFO] ThirdParty:1030 - CMSIS Pack Vendor :STMicroelectronics X-CUBE-GNSS1 7.0.1
2025-04-13 18:51:46,961 [INFO] ThirdParty:1030 - CMSIS Pack Vendor :STMicroelectronics X-CUBE-AZRTOS-F7 1.1.0
2025-04-13 18:51:46,961 [INFO] ThirdParty:1030 - CMSIS Pack Vendor :STMicroelectronics X-CUBE-AZRTOS-L5 2.0.0
2025-04-13 18:51:46,961 [INFO] ThirdParty:1030 - CMSIS Pack Vendor :STMicroelectronics X-CUBE-TOUCHGFX 4.25.0
2025-04-13 18:51:46,961 [INFO] ThirdParty:1030 - CMSIS Pack Vendor :STMicroelectronics USB_DEVICE 2.0.0
2025-04-13 18:51:46,961 [INFO] ThirdParty:1030 - CMSIS Pack Vendor :STMicroelectronics X-CUBE-NFC6 3.1.0
2025-04-13 18:51:46,961 [INFO] ThirdParty:1030 - CMSIS Pack Vendor :STMicroelectronics FP-SNS-STBOX1 2.0.0
2025-04-13 18:51:46,963 [INFO] ThirdParty:1030 - CMSIS Pack Vendor :STMicroelectronics FreeRTOS 0.0.1
2025-04-13 18:51:46,963 [INFO] ThirdParty:1030 - CMSIS Pack Vendor :STMicroelectronics X-CUBE-AZRTOS-G0 1.1.0
2025-04-13 18:51:46,963 [INFO] ThirdParty:1030 - CMSIS Pack Vendor :STMicroelectronics X-CUBE-SAFEA1 1.2.2
2025-04-13 18:51:46,963 [INFO] ThirdParty:1030 - CMSIS Pack Vendor :STMicroelectronics X-CUBE-NFC4 3.0.0
2025-04-13 18:51:46,963 [INFO] ThirdParty:1030 - CMSIS Pack Vendor :STMicroelectronics X-CUBE-DPower 1.2.0
2025-04-13 18:51:46,963 [INFO] ThirdParty:1030 - CMSIS Pack Vendor :STMicroelectronics X-CUBE-SUBG2 5.0.0
2025-04-13 18:51:46,963 [INFO] ThirdParty:1030 - CMSIS Pack Vendor :STMicroelectronics X-CUBE-AZRTOS-H7RS 1.1.0
2025-04-13 18:51:46,963 [INFO] ThirdParty:1030 - CMSIS Pack Vendor :STMicroelectronics STM32_WPAN 1.0.0
2025-04-13 18:51:46,963 [INFO] ThirdParty:1030 - CMSIS Pack Vendor :EmbeddedOffice I-CUBE-FS-RTOS 1.0.1
2025-04-13 18:51:46,963 [INFO] ThirdParty:1030 - CMSIS Pack Vendor :STMicroelectronics lwIP 2.0.3
2025-04-13 18:51:46,963 [INFO] ThirdParty:1030 - CMSIS Pack Vendor :STMicroelectronics FP-SNS-FLIGHT1 5.0.2
2025-04-13 18:51:46,963 [INFO] ThirdParty:1030 - CMSIS Pack Vendor :Cesanta I-CUBE-Mongoose 7.13.0
2025-04-13 18:51:46,964 [INFO] ThirdParty:1030 - CMSIS Pack Vendor :STMicroelectronics USB_HOST 1.0.0
2025-04-13 18:51:46,964 [INFO] ThirdParty:1030 - CMSIS Pack Vendor :Infineon AIROC-Wi-Fi-Bluetooth-STM32 1.7.0
2025-04-13 18:51:46,964 [INFO] ThirdParty:1030 - CMSIS Pack Vendor :STMicroelectronics X-CUBE-AZRTOS-G4 2.0.0
2025-04-13 18:51:46,964 [INFO] ThirdParty:1030 - CMSIS Pack Vendor :STMicroelectronics PDM2PCM 3.1.0
2025-04-13 18:51:46,964 [INFO] ThirdParty:1030 - CMSIS Pack Vendor :STMicroelectronics PDM2PCM 3.3.0
2025-04-13 18:51:46,964 [INFO] ThirdParty:1030 - CMSIS Pack Vendor :wolfSSL I-CUBE-wolfTPM 3.8.0
2025-04-13 18:51:46,964 [INFO] ThirdParty:1030 - CMSIS Pack Vendor :STMicroelectronics X-CUBE-DISPLAY 3.0.0
2025-04-13 18:51:46,964 [INFO] ThirdParty:1030 - CMSIS Pack Vendor :wolfSSL I-CUBE-wolfSSH 1.4.20
2025-04-13 18:51:46,964 [INFO] ThirdParty:1030 - CMSIS Pack Vendor :STMicroelectronics X-CUBE-TCPP 4.2.0
2025-04-13 18:51:46,964 [INFO] ThirdParty:1030 - CMSIS Pack Vendor :RealThread X-CUBE-RT-Thread_Nano 4.1.1
2025-04-13 18:51:46,964 [INFO] ThirdParty:1030 - CMSIS Pack Vendor :STMicroelectronics FP-ATR-SIGFOX1 3.2.0
2025-04-13 18:51:46,964 [INFO] ThirdParty:1030 - CMSIS Pack Vendor :STMicroelectronics X-CUBE-NFC10 1.0.0
2025-04-13 18:51:46,964 [INFO] ThirdParty:1030 - CMSIS Pack Vendor :STMicroelectronics X-CUBE-BLEMGR 4.0.0
2025-04-13 18:51:46,964 [INFO] ThirdParty:1030 - CMSIS Pack Vendor :STMicroelectronics X-CUBE-EEPRMA1 5.1.0
2025-04-13 18:51:46,966 [INFO] ThirdParty:1030 - CMSIS Pack Vendor :STMicroelectronics HAL Drivers 0.0.0
2025-04-13 18:51:46,966 [INFO] ThirdParty:1030 - CMSIS Pack Vendor :STMicroelectronics MBEDTLS 2.16.2
2025-04-13 18:51:46,966 [INFO] ThirdParty:1030 - CMSIS Pack Vendor :STMicroelectronics X-CUBE-IPS 3.1.0
2025-04-13 18:51:46,966 [INFO] ThirdParty:1030 - CMSIS Pack Vendor :STMicroelectronics X-CUBE-ALS 1.0.2
2025-04-13 18:51:46,966 [INFO] ThirdParty:1030 - CMSIS Pack Vendor :emotas I-CUBE-CANOPEN 1.3.0
2025-04-13 18:51:46,966 [INFO] ThirdParty:1030 - CMSIS Pack Vendor :STMicroelectronics X-CUBE-FREERTOS 1.3.0
2025-04-13 18:51:46,966 [INFO] ThirdParty:1030 - CMSIS Pack Vendor :STMicroelectronics X-CUBE-NFC7 1.0.1
2025-04-13 18:51:46,966 [INFO] ThirdParty:1030 - CMSIS Pack Vendor :STMicroelectronics MBEDTLS 2.14.1
2025-04-13 18:51:46,966 [INFO] ThirdParty:1030 - CMSIS Pack Vendor :wolfSSL I-CUBE-wolfSSL 5.7.6
2025-04-13 18:51:46,966 [INFO] ThirdParty:1030 - CMSIS Pack Vendor :ITTIA_DB I-CUBE-ITTIADB 8.9.0
2025-04-13 18:51:46,966 [INFO] ThirdParty:1030 - CMSIS Pack Vendor :STMicroelectronics X-CUBE-TOUCHGFX 4.24.2
2025-04-13 18:51:46,966 [INFO] ThirdParty:1030 - CMSIS Pack Vendor :portGmbH I-Cube-SoM-uGOAL 1.1.0
2025-04-13 18:51:46,966 [INFO] ThirdParty:1030 - CMSIS Pack Vendor :quantropi X-CUBE-qispace-sdk-base 2.0.0
2025-04-13 18:51:46,966 [INFO] ThirdParty:1030 - CMSIS Pack Vendor :STMicroelectronics X-CUBE-AI 10.0.0
2025-04-13 18:51:46,966 [INFO] ThirdParty:1030 - CMSIS Pack Vendor :STMicroelectronics ThreadX 1.0.0
2025-04-13 18:51:46,966 [INFO] ThirdParty:1030 - CMSIS Pack Vendor :STMicroelectronics FP-SNS-SMARTAG2 1.2.0
2025-04-13 18:51:46,966 [INFO] ThirdParty:1030 - CMSIS Pack Vendor :STMicroelectronics FP-SNS-FLIGHT1 5.1.0
2025-04-13 18:51:46,967 [INFO] ThirdParty:1030 - CMSIS Pack Vendor :STMicroelectronics X-CUBE-MEMS1 11.1.0
2025-04-13 18:51:46,967 [INFO] ThirdParty:1030 - CMSIS Pack Vendor :STMicroelectronics X-CUBE-AZRTOS-WL 2.0.0
2025-04-13 18:51:46,967 [INFO] ThirdParty:1030 - CMSIS Pack Vendor :SEGGER I-CUBE-embOS 1.3.1
2025-04-13 18:51:46,967 [INFO] ThirdParty:1030 - CMSIS Pack Vendor :STMicroelectronics X-CUBE-ALGOBUILD 1.4.0
2025-04-13 18:51:46,967 [INFO] ThirdParty:1030 - CMSIS Pack Vendor :STMicroelectronics X-CUBE-DPower 1.3.0
2025-04-13 18:51:46,967 [INFO] ThirdParty:1030 - CMSIS Pack Vendor :STMicroelectronics FP-SNS-MOTENV1 5.0.0
2025-04-13 18:51:46,967 [INFO] ThirdParty:1030 - CMSIS Pack Vendor :STMicroelectronics USB_DEVICE 1.0.0
2025-04-13 18:51:46,967 [INFO] ThirdParty:1030 - CMSIS Pack Vendor :STMicroelectronics X-CUBE-AZRTOS-H7RS 1.0.0
2025-04-13 18:51:46,967 [INFO] ThirdParty:1030 - CMSIS Pack Vendor :STMicroelectronics X-CUBE-AZRTOS-L4 2.0.0
2025-04-13 18:51:46,967 [INFO] ThirdParty:1030 - CMSIS Pack Vendor :STMicroelectronics ThreadX 0.0.2
2025-04-13 18:51:46,967 [INFO] ThirdParty:1030 - CMSIS Pack Vendor :WES I-CUBE-Cesium 1.3.0
2025-04-13 18:51:46,967 [INFO] ThirdParty:1030 - CMSIS Pack Vendor :STMicroelectronics lwIP 2.1.2
2025-04-13 18:51:46,967 [INFO] ThirdParty:1030 - CMSIS Pack Vendor :STMicroelectronics X-CUBE-SFXS2LP1 4.0.0
2025-04-13 18:51:46,967 [INFO] ThirdParty:1030 - CMSIS Pack Vendor :STMicroelectronics X-CUBE-BLE2 3.3.0
2025-04-13 18:51:46,967 [INFO] ThirdParty:1030 - CMSIS Pack Vendor :STMicroelectronics X-CUBE-TOF1 3.4.2
2025-04-13 18:51:46,967 [INFO] ThirdParty:1030 - CMSIS Pack Vendor :STMicroelectronics PDM2PCM 3.2.0
2025-04-13 18:51:46,969 [INFO] ThirdParty:841 - exiting critical section [change project]
2025-04-13 18:51:47,436 [INFO] PinOutPanel:1589 - setPackage(No Configuration,No Configuration)
2025-04-13 18:51:47,476 [INFO] PinOutPanel:1589 - setPackage(STM32F407VGTx,LQFP100)
2025-04-13 18:51:47,943 [INFO] UtilMem:75 - Before build in PCC Used Memory: 780660328 Bytes (1073741824)
2025-04-13 18:51:48,390 [INFO] UtilMem:75 - After build in PCC Used Memory: 826797688 Bytes (1073741824)
2025-04-13 18:51:48,414 [INFO] IPUIPlugin:80 - create IPUIPlugin
2025-04-13 18:51:48,414 [INFO] IPUIPlugin:80 - create IPUIPlugin
2025-04-13 18:51:48,414 [INFO] IPUIPlugin:80 - create IPUIPlugin
2025-04-13 18:51:48,414 [INFO] IPUIPlugin:80 - create IPUIPlugin
2025-04-13 18:51:48,414 [INFO] IPUIPlugin:80 - create IPUIPlugin
2025-04-13 18:51:48,415 [INFO] IPUIPlugin:80 - create IPUIPlugin
2025-04-13 18:51:48,415 [INFO] IPUIPlugin:80 - create IPUIPlugin
2025-04-13 18:51:48,415 [INFO] IPUIPlugin:80 - create IPUIPlugin
2025-04-13 18:51:48,416 [INFO] IPUIPlugin:80 - create IPUIPlugin
2025-04-13 18:51:48,416 [INFO] IPUIPlugin:80 - create IPUIPlugin
2025-04-13 18:51:48,416 [INFO] IPUIPlugin:80 - create IPUIPlugin
2025-04-13 18:51:48,417 [INFO] IPUIPlugin:80 - create IPUIPlugin
2025-04-13 18:51:48,417 [INFO] IPUIPlugin:80 - create IPUIPlugin
2025-04-13 18:51:48,417 [INFO] IPUIPlugin:80 - create IPUIPlugin
2025-04-13 18:51:48,417 [INFO] IPUIPlugin:80 - create IPUIPlugin
2025-04-13 18:51:48,417 [INFO] IPUIPlugin:80 - create IPUIPlugin
2025-04-13 18:51:48,417 [INFO] IPUIPlugin:80 - create IPUIPlugin
2025-04-13 18:51:48,417 [INFO] IPUIPlugin:80 - create IPUIPlugin
2025-04-13 18:51:48,418 [INFO] IPUIPlugin:80 - create IPUIPlugin
2025-04-13 18:51:48,418 [INFO] IPUIPlugin:80 - create IPUIPlugin
2025-04-13 18:51:48,418 [INFO] IPUIPlugin:80 - create IPUIPlugin
2025-04-13 18:51:48,418 [INFO] IPUIPlugin:80 - create IPUIPlugin
2025-04-13 18:51:48,418 [INFO] IPUIPlugin:80 - create IPUIPlugin
2025-04-13 18:51:48,418 [INFO] IPUIPlugin:80 - create IPUIPlugin
2025-04-13 18:51:48,419 [INFO] IPUIPlugin:80 - create IPUIPlugin
2025-04-13 18:51:48,419 [INFO] IPUIPlugin:80 - create IPUIPlugin
2025-04-13 18:51:48,419 [INFO] IPUIPlugin:80 - create IPUIPlugin
2025-04-13 18:51:48,419 [INFO] IPUIPlugin:80 - create IPUIPlugin
2025-04-13 18:51:48,419 [INFO] IPUIPlugin:80 - create IPUIPlugin
2025-04-13 18:51:48,420 [INFO] IPUIPlugin:80 - create IPUIPlugin
2025-04-13 18:51:48,420 [INFO] IPUIPlugin:80 - create IPUIPlugin
2025-04-13 18:51:48,420 [INFO] IPUIPlugin:80 - create IPUIPlugin
2025-04-13 18:51:48,420 [INFO] IPUIPlugin:80 - create IPUIPlugin
2025-04-13 18:51:48,420 [INFO] IPUIPlugin:80 - create IPUIPlugin
2025-04-13 18:51:48,420 [INFO] IPUIPlugin:80 - create IPUIPlugin
2025-04-13 18:51:48,421 [INFO] IPUIPlugin:80 - create IPUIPlugin
2025-04-13 18:51:48,421 [INFO] IPUIPlugin:80 - create IPUIPlugin
2025-04-13 18:51:48,421 [INFO] IPUIPlugin:80 - create IPUIPlugin
2025-04-13 18:51:48,421 [INFO] IPUIPlugin:80 - create IPUIPlugin
2025-04-13 18:51:48,421 [INFO] IPUIPlugin:80 - create IPUIPlugin
2025-04-13 18:51:48,421 [INFO] IPUIPlugin:80 - create IPUIPlugin
2025-04-13 18:51:48,422 [INFO] IPUIPlugin:80 - create IPUIPlugin
2025-04-13 18:51:48,422 [INFO] IPUIPlugin:80 - create IPUIPlugin
2025-04-13 18:51:48,422 [INFO] IPUIPlugin:80 - create IPUIPlugin
2025-04-13 18:51:48,422 [INFO] IPUIPlugin:80 - create IPUIPlugin
2025-04-13 18:51:48,422 [INFO] IPUIPlugin:80 - create IPUIPlugin
2025-04-13 18:51:48,423 [INFO] IPUIPlugin:80 - create IPUIPlugin
2025-04-13 18:51:48,423 [INFO] IPUIPlugin:80 - create IPUIPlugin
2025-04-13 18:51:48,423 [INFO] IPUIPlugin:80 - create IPUIPlugin
2025-04-13 18:51:48,423 [INFO] IPUIPlugin:80 - create IPUIPlugin
2025-04-13 18:51:48,424 [INFO] IPUIPlugin:80 - create IPUIPlugin
2025-04-13 18:51:48,424 [INFO] IPUIPlugin:80 - create IPUIPlugin
2025-04-13 18:51:48,424 [INFO] IPUIPlugin:80 - create IPUIPlugin
2025-04-13 18:51:48,424 [INFO] IPUIPlugin:80 - create IPUIPlugin
2025-04-13 18:51:48,425 [INFO] IPUIPlugin:80 - create IPUIPlugin
2025-04-13 18:51:48,425 [INFO] IPUIPlugin:80 - create IPUIPlugin
2025-04-13 18:51:48,425 [INFO] IPUIPlugin:80 - create IPUIPlugin
2025-04-13 18:51:48,426 [INFO] IPUIPlugin:80 - create IPUIPlugin
2025-04-13 18:51:48,460 [INFO] ApiDbMcu:508 - Load IP Config File for PDM2PCM
2025-04-13 18:51:48,498 [INFO] CADModel:165 - CPN selected for project levelSTM32F407VGT6
2025-04-13 18:51:48,498 [INFO] CADModel:114 - Register for checkConnection events
2025-04-13 18:51:48,558 [INFO] OpenFileManager:363 - Restore cursor
2025-04-13 23:05:23,554 [INFO] WebApp:190 - Connection lost
2025-04-13 23:05:24,129 [INFO] WebApp:187 - Connection restablished
